2026-02-22 21:23:21,617 - INFO - === INÍCIO DA INGESTÃO ===
2026-02-22 21:23:21,618 - INFO - Iniciando download - Ano: 2024
2026-02-22 21:23:21,618 - INFO - Baixando página 1...
2026-02-22 21:23:21,894 - ERROR - Erro HTTP na página 1: 403 Client Error: Forbidden for url: https://api.portaldatransparencia.gov.br/api-de-dados/despesas/por_orgao?ano=2024&pagina=1&tamanhoPagina=500
2026-02-22 21:30:06,590 - INFO - === INÍCIO DA INGESTÃO ===
2026-02-22 21:30:06,590 - INFO - Iniciando download - Ano: 2024
2026-02-22 21:30:06,590 - INFO - Baixando página 1...
2026-02-22 21:30:06,798 - ERROR - Erro HTTP na página 1: 401 Client Error: Unauthorized for url: https://api.portaldatransparencia.gov.br/api-de-dados/despesas/por_orgao?ano=2024&pagina=1&tamanhoPagina=500
2026-02-22 21:35:33,661 - INFO - === INÍCIO DA INGESTÃO ===
2026-02-22 21:35:33,661 - INFO - Iniciando download - Ano: 2024
2026-02-22 21:35:33,661 - INFO - Baixando página 1...
2026-02-22 21:35:33,906 - ERROR - Erro HTTP na página 1: 403 Client Error: Forbidden for url: https://api.portaldatransparencia.gov.br/api-de-dados/despesas/por_orgao?ano=2024&pagina=1&tamanhoPagina=500
2026-02-23 19:32:54,065 - INFO - === INÍCIO DA INGESTÃO ===
2026-02-23 19:32:54,065 - INFO - Iniciando download - Ano: 2024
2026-02-23 19:32:54,235 - INFO - Órgãos - página 1: 6 válidos de 15
2026-02-23 19:32:54,396 - INFO - Órgãos - página 2: 1 válidos de 15
2026-02-23 19:32:54,544 - INFO - Órgãos - página 3: 0 válidos de 15
2026-02-23 19:32:54,686 - INFO - Órgãos - página 4: 0 válidos de 15
2026-02-23 19:32:54,836 - INFO - Órgãos - página 5: 0 válidos de 15
2026-02-23 19:32:56,022 - INFO - Órgãos - página 6: 10 válidos de 15
2026-02-23 19:32:56,177 - INFO - Órgãos - página 7: 4 válidos de 15
2026-02-23 19:32:56,322 - INFO - Órgãos - página 8: 13 válidos de 15
2026-02-23 19:33:47,301 - INFO - === INÍCIO DA INGESTÃO ===
2026-02-23 19:33:47,301 - INFO - Iniciando download - Ano: 2024
2026-02-23 19:33:47,441 - INFO - Órgãos - página 1: 6 válidos de 15
2026-02-23 19:33:47,557 - INFO - Órgãos - página 2: 1 válidos de 15
2026-02-23 19:33:47,662 - INFO - Órgãos - página 3: 0 válidos de 15
2026-02-23 19:33:47,774 - INFO - Órgãos - página 4: 0 válidos de 15
2026-02-23 19:33:48,913 - INFO - Órgãos - página 5: 0 válidos de 15
2026-02-23 19:33:49,022 - INFO - Órgãos - página 6: 10 válidos de 15
2026-02-23 19:33:49,117 - INFO - Órgãos - página 7: 4 válidos de 15
2026-02-23 19:33:49,216 - INFO - Órgãos - página 8: 13 válidos de 15
2026-02-23 19:33:49,312 - INFO - Órgãos - página 9: 14 válidos de 15
2026-02-23 19:33:49,435 - INFO - Órgãos - página 10: 15 válidos de 15
2026-02-23 19:33:49,573 - INFO - Órgãos - página 11: 13 válidos de 15
2026-02-23 19:33:49,706 - INFO - Órgãos - página 12: 14 válidos de 15
2026-02-23 19:33:49,829 - INFO - Órgãos - página 13: 12 válidos de 15
2026-02-23 19:33:50,978 - INFO - Órgãos - página 14: 14 válidos de 15
2026-02-23 19:33:51,115 - INFO - Órgãos - página 15: 14 válidos de 15
2026-02-23 19:33:51,254 - INFO - Órgãos - página 16: 15 válidos de 15
2026-02-23 19:33:51,404 - INFO - Órgãos - página 17: 15 válidos de 15
2026-02-23 19:33:51,558 - INFO - Órgãos - página 18: 15 válidos de 15
2026-02-23 19:33:51,710 - INFO - Órgãos - página 19: 15 válidos de 15
2026-02-23 19:33:51,852 - INFO - Órgãos - página 20: 15 válidos de 15
2026-02-23 19:33:53,047 - INFO - Órgãos - página 21: 15 válidos de 15
2026-02-23 19:33:53,197 - INFO - Órgãos - página 22: 15 válidos de 15
2026-02-23 19:33:53,349 - INFO - Órgãos - página 23: 15 válidos de 15
2026-02-23 19:33:55,560 - INFO - Órgãos - página 24: 15 válidos de 15
2026-02-23 19:33:55,800 - INFO - Órgãos - página 25: 15 válidos de 15
2026-02-23 19:33:56,960 - INFO - Órgãos - página 26: 10 válidos de 15
2026-02-23 19:33:57,092 - INFO - Órgãos - página 27: 15 válidos de 15
2026-02-23 19:33:57,217 - INFO - Órgãos - página 28: 15 válidos de 15
2026-02-23 19:33:57,346 - INFO - Órgãos - página 29: 13 válidos de 15
2026-02-23 19:33:58,639 - INFO - Órgãos - página 30: 13 válidos de 15
2026-02-23 19:33:58,768 - INFO - Órgãos - página 31: 13 válidos de 15
2026-02-23 19:33:58,894 - INFO - Órgãos - página 32: 13 válidos de 15
2026-02-23 19:33:59,047 - INFO - Órgãos - página 33: 13 válidos de 15
2026-02-23 19:33:59,177 - INFO - Órgãos - página 34: 13 válidos de 15
2026-02-23 19:33:59,343 - INFO - Órgãos - página 35: 13 válidos de 15
2026-02-23 19:33:59,485 - INFO - Órgãos - página 36: 15 válidos de 15
2026-02-23 19:33:59,632 - INFO - Órgãos - página 37: 14 válidos de 15
2026-02-23 19:33:59,764 - INFO - Órgãos - página 38: 14 válidos de 15
2026-02-23 19:33:59,887 - INFO - Órgãos - página 39: 15 válidos de 15
2026-02-23 19:34:00,019 - INFO - Órgãos - página 40: 13 válidos de 15
2026-02-23 19:34:00,179 - INFO - Órgãos - página 41: 15 válidos de 15
2026-02-23 19:34:00,308 - INFO - Órgãos - página 42: 12 válidos de 15
2026-02-23 19:34:00,468 - INFO - Órgãos - página 43: 13 válidos de 15
2026-02-23 19:34:00,632 - INFO - Órgãos - página 44: 15 válidos de 15
2026-02-23 19:34:00,810 - INFO - Órgãos - página 45: 14 válidos de 15
2026-02-23 19:34:00,954 - INFO - Órgãos - página 46: 13 válidos de 15
2026-02-23 19:34:01,087 - INFO - Órgãos - página 47: 12 válidos de 15
2026-02-23 19:34:01,217 - INFO - Órgãos - página 48: 13 válidos de 15
2026-02-23 19:34:01,350 - INFO - Órgãos - página 49: 14 válidos de 15
2026-02-23 19:34:01,474 - INFO - Órgãos - página 50: 15 válidos de 15
2026-02-23 19:34:01,612 - INFO - Órgãos - página 51: 14 válidos de 15
2026-02-23 19:34:01,738 - INFO - Órgãos - página 52: 1 válidos de 1
2026-02-23 19:34:01,873 - INFO - Total de órgãos válidos encontrados: 633
2026-02-23 19:34:01,874 - INFO - [1/633] Baixando órgão: 01000
2026-02-23 19:34:03,122 - INFO -   Total acumulado: 0 registros
2026-02-23 19:34:03,127 - INFO - [2/633] Baixando órgão: 01901
2026-02-23 19:34:03,360 - INFO -   Total acumulado: 0 registros
2026-02-23 19:34:03,361 - INFO - [3/633] Baixando órgão: 02000
2026-02-23 19:34:03,528 - INFO -   Total acumulado: 0 registros
2026-02-23 19:34:03,528 - INFO - [4/633] Baixando órgão: 02001
2026-02-23 19:34:03,675 - INFO -   Total acumulado: 0 registros
2026-02-23 19:34:03,676 - INFO - [5/633] Baixando órgão: 02002
2026-02-23 19:34:03,832 - INFO -   Total acumulado: 0 registros
2026-02-23 19:34:03,832 - INFO - [6/633] Baixando órgão: 02003
2026-02-23 19:34:04,097 - INFO -   Total acumulado: 0 registros
2026-02-23 19:34:04,097 - INFO - [7/633] Baixando órgão: 03000
2026-02-23 19:34:04,290 - INFO -   Total acumulado: 0 registros
2026-02-23 19:34:04,291 - INFO - [8/633] Baixando órgão: 10000
2026-02-23 19:34:04,449 - INFO -   Total acumulado: 0 registros
2026-02-23 19:34:04,450 - INFO - [9/633] Baixando órgão: 11000
2026-02-23 19:34:04,654 - INFO -   Total acumulado: 0 registros
2026-02-23 19:34:04,655 - INFO - [10/633] Baixando órgão: 12000
2026-02-23 19:34:04,821 - INFO -   Total acumulado: 0 registros
2026-02-23 19:34:04,822 - INFO - [11/633] Baixando órgão: 12800
2026-02-23 19:34:04,975 - INFO -   Total acumulado: 0 registros
2026-02-23 19:34:04,976 - INFO - [12/633] Baixando órgão: 12801
2026-02-23 19:34:05,118 - INFO -   Total acumulado: 0 registros
2026-02-23 19:34:05,118 - INFO - [13/633] Baixando órgão: 12802
2026-02-23 19:34:05,261 - INFO -   Total acumulado: 0 registros
2026-02-23 19:34:05,261 - INFO - [14/633] Baixando órgão: 12803
2026-02-23 19:34:05,403 - INFO -   Total acumulado: 0 registros
2026-02-23 19:34:05,403 - INFO - [15/633] Baixando órgão: 12804
2026-02-23 19:34:05,568 - INFO -   Total acumulado: 0 registros
2026-02-23 19:34:05,569 - INFO - [16/633] Baixando órgão: 12805
2026-02-23 19:34:05,755 - INFO -   Total acumulado: 0 registros
2026-02-23 19:34:05,755 - INFO - [17/633] Baixando órgão: 13000
2026-02-23 19:34:05,929 - INFO -   Total acumulado: 0 registros
2026-02-23 19:34:05,930 - INFO - [18/633] Baixando órgão: 14000
2026-02-23 19:34:06,097 - INFO -   Total acumulado: 0 registros
2026-02-23 19:34:06,098 - INFO - [19/633] Baixando órgão: 14001
2026-02-23 19:34:06,257 - INFO -   Total acumulado: 0 registros
2026-02-23 19:34:06,258 - INFO - [20/633] Baixando órgão: 15000
2026-02-23 19:34:06,416 - INFO -   Total acumulado: 0 registros
2026-02-23 19:34:06,417 - INFO - [21/633] Baixando órgão: 16000
2026-02-23 19:34:06,564 - INFO -   Total acumulado: 0 registros
2026-02-23 19:34:06,564 - INFO - [22/633] Baixando órgão: 17000
2026-02-23 19:34:06,740 - INFO -   Total acumulado: 0 registros
2026-02-23 19:34:06,741 - INFO - [23/633] Baixando órgão: 20000
2026-02-23 19:34:06,900 - INFO -   Órgão 20000 - página 1: 4 registros
2026-02-23 19:34:07,048 - INFO -   Total acumulado: 4 registros
2026-02-23 19:34:07,049 - INFO - [24/633] Baixando órgão: 20101
2026-02-23 19:34:07,204 - INFO -   Total acumulado: 4 registros
2026-02-23 19:34:07,205 - INFO - [25/633] Baixando órgão: 20102
2026-02-23 19:34:07,346 - INFO -   Total acumulado: 4 registros
2026-02-23 19:34:07,346 - INFO - [26/633] Baixando órgão: 20103
2026-02-23 19:34:08,541 - INFO -   Total acumulado: 4 registros
2026-02-23 19:34:08,542 - INFO - [27/633] Baixando órgão: 20104
2026-02-23 19:34:08,686 - INFO -   Total acumulado: 4 registros
2026-02-23 19:34:08,686 - INFO - [28/633] Baixando órgão: 20105
2026-02-23 19:34:08,828 - INFO -   Total acumulado: 4 registros
2026-02-23 19:34:08,829 - INFO - [29/633] Baixando órgão: 20107
2026-02-23 19:34:08,972 - INFO -   Total acumulado: 4 registros
2026-02-23 19:34:08,973 - INFO - [30/633] Baixando órgão: 20113
2026-02-23 19:34:09,154 - INFO -   Total acumulado: 4 registros
2026-02-23 19:34:09,155 - INFO - [31/633] Baixando órgão: 20114
2026-02-23 19:34:09,302 - INFO -   Total acumulado: 4 registros
2026-02-23 19:34:09,302 - INFO - [32/633] Baixando órgão: 20115
2026-02-23 19:34:09,450 - INFO -   Total acumulado: 4 registros
2026-02-23 19:34:09,451 - INFO - [33/633] Baixando órgão: 20116
2026-02-23 19:34:09,603 - INFO -   Total acumulado: 4 registros
2026-02-23 19:34:09,603 - INFO - [34/633] Baixando órgão: 20117
2026-02-23 19:34:09,759 - INFO -   Total acumulado: 4 registros
2026-02-23 19:34:09,760 - INFO - [35/633] Baixando órgão: 20118
2026-02-23 19:34:09,915 - INFO -   Total acumulado: 4 registros
2026-02-23 19:34:09,915 - INFO - [36/633] Baixando órgão: 20121
2026-02-23 19:34:10,060 - INFO -   Total acumulado: 4 registros
2026-02-23 19:34:10,060 - INFO - [37/633] Baixando órgão: 20122
2026-02-23 19:34:10,235 - INFO -   Total acumulado: 4 registros
2026-02-23 19:34:10,236 - INFO - [38/633] Baixando órgão: 20124
2026-02-23 19:34:10,383 - INFO -   Total acumulado: 4 registros
2026-02-23 19:34:10,383 - INFO - [39/633] Baixando órgão: 20125
2026-02-23 19:34:10,525 - INFO -   Total acumulado: 4 registros
2026-02-23 19:34:10,527 - INFO - [40/633] Baixando órgão: 20126
2026-02-23 19:34:10,672 - INFO -   Total acumulado: 4 registros
2026-02-23 19:34:10,673 - INFO - [41/633] Baixando órgão: 20128
2026-02-23 19:34:10,828 - INFO -   Total acumulado: 4 registros
2026-02-23 19:34:10,829 - INFO - [42/633] Baixando órgão: 20129
2026-02-23 19:34:10,988 - INFO -   Total acumulado: 4 registros
2026-02-23 19:34:10,989 - INFO - [43/633] Baixando órgão: 20202
2026-02-23 19:34:11,137 - INFO -   Total acumulado: 4 registros
2026-02-23 19:34:11,138 - INFO - [44/633] Baixando órgão: 20203
2026-02-23 19:34:11,285 - INFO -   Total acumulado: 4 registros
2026-02-23 19:34:11,286 - INFO - [45/633] Baixando órgão: 20213
2026-02-23 19:34:11,436 - INFO -   Total acumulado: 4 registros
2026-02-23 19:34:11,437 - INFO - [46/633] Baixando órgão: 20214
2026-02-23 19:34:11,589 - INFO -   Total acumulado: 4 registros
2026-02-23 19:34:11,590 - INFO - [47/633] Baixando órgão: 20301
2026-02-23 19:34:11,744 - INFO -   Total acumulado: 4 registros
2026-02-23 19:34:11,745 - INFO - [48/633] Baixando órgão: 20302
2026-02-23 19:34:11,889 - INFO -   Total acumulado: 4 registros
2026-02-23 19:34:11,890 - INFO - [49/633] Baixando órgão: 20303
2026-02-23 19:34:12,056 - INFO -   Total acumulado: 4 registros
2026-02-23 19:34:12,057 - INFO - [50/633] Baixando órgão: 20402
2026-02-23 19:34:12,204 - INFO -   Total acumulado: 4 registros
2026-02-23 19:34:12,205 - INFO - [51/633] Baixando órgão: 20403
2026-02-23 19:34:12,362 - INFO -   Total acumulado: 4 registros
2026-02-23 19:34:12,363 - INFO - [52/633] Baixando órgão: 20404
2026-02-23 19:34:12,519 - INFO -   Total acumulado: 4 registros
2026-02-23 19:34:12,519 - INFO - [53/633] Baixando órgão: 20407
2026-02-23 19:34:12,681 - INFO -   Total acumulado: 4 registros
2026-02-23 19:34:12,682 - INFO - [54/633] Baixando órgão: 20408
2026-02-23 19:34:12,844 - INFO -   Total acumulado: 4 registros
2026-02-23 19:34:12,844 - INFO - [55/633] Baixando órgão: 20410
2026-02-23 19:34:14,026 - INFO -   Total acumulado: 4 registros
2026-02-23 19:34:14,026 - INFO - [56/633] Baixando órgão: 20411
2026-02-23 19:34:14,188 - INFO -   Total acumulado: 4 registros
2026-02-23 19:34:14,188 - INFO - [57/633] Baixando órgão: 20412
2026-02-23 19:34:14,356 - INFO -   Total acumulado: 4 registros
2026-02-23 19:34:14,356 - INFO - [58/633] Baixando órgão: 20415
2026-02-23 19:34:16,553 - INFO -   Total acumulado: 4 registros
2026-02-23 19:34:16,553 - INFO - [59/633] Baixando órgão: 20501
2026-02-23 19:34:16,730 - INFO -   Total acumulado: 4 registros
2026-02-23 19:34:16,731 - INFO - [60/633] Baixando órgão: 20502
2026-02-23 19:34:16,991 - INFO -   Total acumulado: 4 registros
2026-02-23 19:34:16,993 - INFO - [61/633] Baixando órgão: 20503
2026-02-23 19:34:17,152 - INFO -   Total acumulado: 4 registros
2026-02-23 19:34:17,152 - INFO - [62/633] Baixando órgão: 20601
2026-02-23 19:34:17,310 - INFO -   Total acumulado: 4 registros
2026-02-23 19:34:17,311 - INFO - [63/633] Baixando órgão: 20602
2026-02-23 19:34:18,468 - INFO -   Total acumulado: 4 registros
2026-02-23 19:34:18,469 - INFO - [64/633] Baixando órgão: 20603
2026-02-23 19:34:18,624 - INFO -   Total acumulado: 4 registros
2026-02-23 19:34:18,625 - INFO - [65/633] Baixando órgão: 20604
2026-02-23 19:34:18,780 - INFO -   Total acumulado: 4 registros
2026-02-23 19:34:18,780 - INFO - [66/633] Baixando órgão: 20605
2026-02-23 19:34:18,934 - INFO -   Total acumulado: 4 registros
2026-02-23 19:34:18,935 - INFO - [67/633] Baixando órgão: 20701
2026-02-23 19:34:19,087 - INFO -   Total acumulado: 4 registros
2026-02-23 19:34:19,088 - INFO - [68/633] Baixando órgão: 20801
2026-02-23 19:34:19,242 - INFO -   Total acumulado: 4 registros
2026-02-23 19:34:19,243 - INFO - [69/633] Baixando órgão: 20802
2026-02-23 19:34:19,473 - INFO -   Total acumulado: 4 registros
2026-02-23 19:34:19,473 - INFO - [70/633] Baixando órgão: 20803
2026-02-23 19:34:19,645 - INFO -   Total acumulado: 4 registros
2026-02-23 19:34:19,646 - INFO - [71/633] Baixando órgão: 20924
2026-02-23 19:34:19,796 - INFO -   Total acumulado: 4 registros
2026-02-23 19:34:19,796 - INFO - [72/633] Baixando órgão: 20929
2026-02-23 19:34:19,949 - INFO -   Total acumulado: 4 registros
2026-02-23 19:34:19,950 - INFO - [73/633] Baixando órgão: 22000
2026-02-23 19:34:20,103 - INFO -   Órgão 22000 - página 1: 3 registros
2026-02-23 19:34:20,264 - INFO -   Total acumulado: 7 registros
2026-02-23 19:34:20,265 - INFO - [74/633] Baixando órgão: 22201
2026-02-23 19:34:20,418 - INFO -   Total acumulado: 7 registros
2026-02-23 19:34:20,418 - INFO - [75/633] Baixando órgão: 22202
2026-02-23 19:34:20,556 - INFO -   Total acumulado: 7 registros
2026-02-23 19:34:20,557 - INFO - [76/633] Baixando órgão: 22203
2026-02-23 19:34:20,704 - INFO -   Total acumulado: 7 registros
2026-02-23 19:34:20,705 - INFO - [77/633] Baixando órgão: 22204
2026-02-23 19:34:20,846 - INFO -   Total acumulado: 7 registros
2026-02-23 19:34:20,846 - INFO - [78/633] Baixando órgão: 22207
2026-02-23 19:34:20,987 - INFO -   Total acumulado: 7 registros
2026-02-23 19:34:20,987 - INFO - [79/633] Baixando órgão: 22211
2026-02-23 19:34:21,167 - INFO -   Total acumulado: 7 registros
2026-02-23 19:34:21,168 - INFO - [80/633] Baixando órgão: 22500
2026-02-23 19:34:21,318 - INFO -   Total acumulado: 7 registros
2026-02-23 19:34:21,319 - INFO - [81/633] Baixando órgão: 22801
2026-02-23 19:34:21,472 - INFO -   Total acumulado: 7 registros
2026-02-23 19:34:21,473 - INFO - [82/633] Baixando órgão: 22802
2026-02-23 19:34:21,630 - INFO -   Total acumulado: 7 registros
2026-02-23 19:34:21,631 - INFO - [83/633] Baixando órgão: 22803
2026-02-23 19:34:21,779 - INFO -   Total acumulado: 7 registros
2026-02-23 19:34:21,780 - INFO - [84/633] Baixando órgão: 22804
2026-02-23 19:34:22,955 - INFO -   Total acumulado: 7 registros
2026-02-23 19:34:22,956 - INFO - [85/633] Baixando órgão: 22805
2026-02-23 19:34:23,125 - INFO -   Total acumulado: 7 registros
2026-02-23 19:34:23,126 - INFO - [86/633] Baixando órgão: 22806
2026-02-23 19:34:23,286 - INFO -   Total acumulado: 7 registros
2026-02-23 19:34:23,287 - INFO - [87/633] Baixando órgão: 22905
2026-02-23 19:34:23,432 - INFO -   Total acumulado: 7 registros
2026-02-23 19:34:23,433 - INFO - [88/633] Baixando órgão: 23000
2026-02-23 19:34:23,578 - INFO -   Total acumulado: 7 registros
2026-02-23 19:34:23,578 - INFO - [89/633] Baixando órgão: 23201
2026-02-23 19:34:23,745 - INFO -   Total acumulado: 7 registros
2026-02-23 19:34:23,746 - INFO - [90/633] Baixando órgão: 23202
2026-02-23 19:34:23,901 - INFO -   Total acumulado: 7 registros
2026-02-23 19:34:23,902 - INFO - [91/633] Baixando órgão: 24000
2026-02-23 19:34:24,071 - INFO -   Órgão 24000 - página 1: 7 registros
2026-02-23 19:34:24,235 - INFO -   Total acumulado: 14 registros
2026-02-23 19:34:24,236 - INFO - [92/633] Baixando órgão: 24208
2026-02-23 19:34:24,404 - INFO -   Total acumulado: 14 registros
2026-02-23 19:34:24,405 - INFO - [93/633] Baixando órgão: 24209
2026-02-23 19:34:24,559 - INFO -   Total acumulado: 14 registros
2026-02-23 19:34:24,560 - INFO - [94/633] Baixando órgão: 24216
2026-02-23 19:34:24,706 - INFO -   Total acumulado: 14 registros
2026-02-23 19:34:24,707 - INFO - [95/633] Baixando órgão: 24801
2026-02-23 19:34:24,858 - INFO -   Total acumulado: 14 registros
2026-02-23 19:34:24,859 - INFO - [96/633] Baixando órgão: 24802
2026-02-23 19:34:26,043 - INFO -   Total acumulado: 14 registros
2026-02-23 19:34:26,043 - INFO - [97/633] Baixando órgão: 24803
2026-02-23 19:34:26,200 - INFO -   Total acumulado: 14 registros
2026-02-23 19:34:26,201 - INFO - [98/633] Baixando órgão: 24901
2026-02-23 19:34:26,370 - INFO -   Total acumulado: 14 registros
2026-02-23 19:34:26,370 - INFO - [99/633] Baixando órgão: 25000
2026-02-23 19:34:26,524 - INFO -   Órgão 25000 - página 1: 8 registros
2026-02-23 19:34:26,692 - INFO -   Total acumulado: 22 registros
2026-02-23 19:34:26,693 - INFO - [100/633] Baixando órgão: 25001
2026-02-23 19:34:26,852 - INFO -   Total acumulado: 22 registros
2026-02-23 19:34:26,853 - INFO - [101/633] Baixando órgão: 25002
2026-02-23 19:34:27,100 - INFO -   Total acumulado: 22 registros
2026-02-23 19:34:27,102 - INFO - [102/633] Baixando órgão: 25201
2026-02-23 19:34:27,263 - INFO -   Órgão 25201 - página 1: 1 registros
2026-02-23 19:34:27,415 - INFO -   Total acumulado: 23 registros
2026-02-23 19:34:27,416 - INFO - [103/633] Baixando órgão: 25202
2026-02-23 19:34:27,575 - INFO -   Total acumulado: 23 registros
2026-02-23 19:34:27,576 - INFO - [104/633] Baixando órgão: 25203
2026-02-23 19:34:27,719 - INFO -   Total acumulado: 23 registros
2026-02-23 19:34:27,719 - INFO - [105/633] Baixando órgão: 25205
2026-02-23 19:34:27,869 - INFO -   Total acumulado: 23 registros
2026-02-23 19:34:27,869 - INFO - [106/633] Baixando órgão: 25206
2026-02-23 19:34:28,024 - INFO -   Total acumulado: 23 registros
2026-02-23 19:34:28,024 - INFO - [107/633] Baixando órgão: 25207
2026-02-23 19:34:28,179 - INFO -   Total acumulado: 23 registros
2026-02-23 19:34:28,179 - INFO - [108/633] Baixando órgão: 25208
2026-02-23 19:34:28,323 - INFO -   Total acumulado: 23 registros
2026-02-23 19:34:28,324 - INFO - [109/633] Baixando órgão: 25209
2026-02-23 19:34:28,481 - INFO -   Total acumulado: 23 registros
2026-02-23 19:34:28,481 - INFO - [110/633] Baixando órgão: 25211
2026-02-23 19:34:28,653 - INFO -   Total acumulado: 23 registros
2026-02-23 19:34:28,653 - INFO - [111/633] Baixando órgão: 25220
2026-02-23 19:34:28,803 - INFO -   Total acumulado: 23 registros
2026-02-23 19:34:28,804 - INFO - [112/633] Baixando órgão: 25280
2026-02-23 19:34:28,969 - INFO -   Total acumulado: 23 registros
2026-02-23 19:34:28,969 - INFO - [113/633] Baixando órgão: 25281
2026-02-23 19:34:29,139 - INFO -   Total acumulado: 23 registros
2026-02-23 19:34:29,139 - INFO - [114/633] Baixando órgão: 25282
2026-02-23 19:34:29,294 - INFO -   Total acumulado: 23 registros
2026-02-23 19:34:29,294 - INFO - [115/633] Baixando órgão: 25289
2026-02-23 19:34:29,439 - INFO -   Total acumulado: 23 registros
2026-02-23 19:34:29,440 - INFO - [116/633] Baixando órgão: 25301
2026-02-23 19:34:29,616 - INFO -   Total acumulado: 23 registros
2026-02-23 19:34:29,616 - INFO - [117/633] Baixando órgão: 25801
2026-02-23 19:34:29,789 - INFO -   Total acumulado: 23 registros
2026-02-23 19:34:29,790 - INFO - [118/633] Baixando órgão: 25802
2026-02-23 19:34:30,982 - INFO -   Total acumulado: 23 registros
2026-02-23 19:34:30,983 - INFO - [119/633] Baixando órgão: 25803
2026-02-23 19:34:31,139 - INFO -   Total acumulado: 23 registros
2026-02-23 19:34:31,140 - INFO - [120/633] Baixando órgão: 25804
2026-02-23 19:34:31,293 - INFO -   Total acumulado: 23 registros
2026-02-23 19:34:31,293 - INFO - [121/633] Baixando órgão: 25805
2026-02-23 19:34:31,467 - INFO -   Total acumulado: 23 registros
2026-02-23 19:34:31,468 - INFO - [122/633] Baixando órgão: 25806
2026-02-23 19:34:31,619 - INFO -   Total acumulado: 23 registros
2026-02-23 19:34:31,619 - INFO - [123/633] Baixando órgão: 25901
2026-02-23 19:34:31,767 - INFO -   Total acumulado: 23 registros
2026-02-23 19:34:31,768 - INFO - [124/633] Baixando órgão: 25902
2026-02-23 19:34:31,913 - INFO -   Total acumulado: 23 registros
2026-02-23 19:34:31,913 - INFO - [125/633] Baixando órgão: 25903
2026-02-23 19:34:32,062 - INFO -   Total acumulado: 23 registros
2026-02-23 19:34:32,062 - INFO - [126/633] Baixando órgão: 25904
2026-02-23 19:34:32,215 - INFO -   Total acumulado: 23 registros
2026-02-23 19:34:32,215 - INFO - [127/633] Baixando órgão: 25905
2026-02-23 19:34:32,372 - INFO -   Total acumulado: 23 registros
2026-02-23 19:34:32,372 - INFO - [128/633] Baixando órgão: 25907
2026-02-23 19:34:32,536 - INFO -   Total acumulado: 23 registros
2026-02-23 19:34:32,537 - INFO - [129/633] Baixando órgão: 25908
2026-02-23 19:34:32,691 - INFO -   Total acumulado: 23 registros
2026-02-23 19:34:32,692 - INFO - [130/633] Baixando órgão: 25910
2026-02-23 19:34:32,827 - INFO -   Total acumulado: 23 registros
2026-02-23 19:34:32,828 - INFO - [131/633] Baixando órgão: 25914
2026-02-23 19:34:32,972 - INFO -   Total acumulado: 23 registros
2026-02-23 19:34:32,972 - INFO - [132/633] Baixando órgão: 25915
2026-02-23 19:34:33,115 - INFO -   Total acumulado: 23 registros
2026-02-23 19:34:33,116 - INFO - [133/633] Baixando órgão: 25916
2026-02-23 19:34:33,340 - INFO -   Total acumulado: 23 registros
2026-02-23 19:34:33,341 - INFO - [134/633] Baixando órgão: 25917
2026-02-23 19:34:33,502 - INFO -   Total acumulado: 23 registros
2026-02-23 19:34:33,503 - INFO - [135/633] Baixando órgão: 26000
2026-02-23 19:34:33,677 - INFO -   Órgão 26000 - página 1: 15 registros
2026-02-23 19:34:33,840 - INFO -   Órgão 26000 - página 2: 15 registros
2026-02-23 19:34:35,001 - INFO -   Órgão 26000 - página 3: 15 registros
2026-02-23 19:34:35,150 - INFO -   Órgão 26000 - página 4: 15 registros
2026-02-23 19:34:35,301 - INFO -   Órgão 26000 - página 5: 15 registros
2026-02-23 19:34:36,466 - INFO -   Órgão 26000 - página 6: 15 registros
2026-02-23 19:34:36,637 - INFO -   Órgão 26000 - página 7: 15 registros
2026-02-23 19:34:36,783 - INFO -   Órgão 26000 - página 8: 12 registros
2026-02-23 19:34:36,951 - INFO -   Total acumulado: 140 registros
2026-02-23 19:34:36,951 - INFO - [136/633] Baixando órgão: 26101
2026-02-23 19:34:37,104 - INFO -   Total acumulado: 140 registros
2026-02-23 19:34:37,105 - INFO - [137/633] Baixando órgão: 26201
2026-02-23 19:34:37,256 - INFO -   Total acumulado: 140 registros
2026-02-23 19:34:37,256 - INFO - [138/633] Baixando órgão: 26202
2026-02-23 19:34:37,405 - INFO -   Total acumulado: 140 registros
2026-02-23 19:34:37,406 - INFO - [139/633] Baixando órgão: 26203
2026-02-23 19:34:37,558 - INFO -   Total acumulado: 140 registros
2026-02-23 19:34:37,559 - INFO - [140/633] Baixando órgão: 26204
2026-02-23 19:34:37,745 - INFO -   Total acumulado: 140 registros
2026-02-23 19:34:37,746 - INFO - [141/633] Baixando órgão: 26205
2026-02-23 19:34:37,926 - INFO -   Total acumulado: 140 registros
2026-02-23 19:34:37,927 - INFO - [142/633] Baixando órgão: 26206
2026-02-23 19:34:38,101 - INFO -   Total acumulado: 140 registros
2026-02-23 19:34:38,102 - INFO - [143/633] Baixando órgão: 26207
2026-02-23 19:34:38,263 - INFO -   Total acumulado: 140 registros
2026-02-23 19:34:38,264 - INFO - [144/633] Baixando órgão: 26208
2026-02-23 19:34:38,418 - INFO -   Total acumulado: 140 registros
2026-02-23 19:34:38,418 - INFO - [145/633] Baixando órgão: 26209
2026-02-23 19:34:38,586 - INFO -   Total acumulado: 140 registros
2026-02-23 19:34:38,586 - INFO - [146/633] Baixando órgão: 26210
2026-02-23 19:34:38,747 - INFO -   Total acumulado: 140 registros
2026-02-23 19:34:38,747 - INFO - [147/633] Baixando órgão: 26211
2026-02-23 19:34:38,894 - INFO -   Total acumulado: 140 registros
2026-02-23 19:34:38,894 - INFO - [148/633] Baixando órgão: 26212
2026-02-23 19:34:39,039 - INFO -   Total acumulado: 140 registros
2026-02-23 19:34:39,039 - INFO - [149/633] Baixando órgão: 26213
2026-02-23 19:34:39,180 - INFO -   Total acumulado: 140 registros
2026-02-23 19:34:39,181 - INFO - [150/633] Baixando órgão: 26214
2026-02-23 19:34:39,325 - INFO -   Total acumulado: 140 registros
2026-02-23 19:34:39,326 - INFO - [151/633] Baixando órgão: 26215
2026-02-23 19:34:39,499 - INFO -   Total acumulado: 140 registros
2026-02-23 19:34:39,499 - INFO - [152/633] Baixando órgão: 26216
2026-02-23 19:34:39,640 - INFO -   Total acumulado: 140 registros
2026-02-23 19:34:39,640 - INFO - [153/633] Baixando órgão: 26217
2026-02-23 19:34:39,807 - INFO -   Total acumulado: 140 registros
2026-02-23 19:34:39,807 - INFO - [154/633] Baixando órgão: 26218
2026-02-23 19:34:39,963 - INFO -   Total acumulado: 140 registros
2026-02-23 19:34:39,964 - INFO - [155/633] Baixando órgão: 26219
2026-02-23 19:34:40,132 - INFO -   Total acumulado: 140 registros
2026-02-23 19:34:40,132 - INFO - [156/633] Baixando órgão: 26220
2026-02-23 19:34:40,279 - INFO -   Total acumulado: 140 registros
2026-02-23 19:34:40,279 - INFO - [157/633] Baixando órgão: 26221
2026-02-23 19:34:40,424 - INFO -   Total acumulado: 140 registros
2026-02-23 19:34:40,425 - INFO - [158/633] Baixando órgão: 26222
2026-02-23 19:34:40,587 - INFO -   Total acumulado: 140 registros
2026-02-23 19:34:40,588 - INFO - [159/633] Baixando órgão: 26223
2026-02-23 19:34:40,730 - INFO -   Total acumulado: 140 registros
2026-02-23 19:34:40,730 - INFO - [160/633] Baixando órgão: 26224
2026-02-23 19:34:40,867 - INFO -   Total acumulado: 140 registros
2026-02-23 19:34:40,868 - INFO - [161/633] Baixando órgão: 26230
2026-02-23 19:34:41,024 - INFO -   Total acumulado: 140 registros
2026-02-23 19:34:41,024 - INFO - [162/633] Baixando órgão: 26231
2026-02-23 19:34:41,179 - INFO -   Total acumulado: 140 registros
2026-02-23 19:34:41,180 - INFO - [163/633] Baixando órgão: 26232
2026-02-23 19:34:42,376 - INFO -   Total acumulado: 140 registros
2026-02-23 19:34:42,377 - INFO - [164/633] Baixando órgão: 26233
2026-02-23 19:34:42,527 - INFO -   Total acumulado: 140 registros
2026-02-23 19:34:42,528 - INFO - [165/633] Baixando órgão: 26234
2026-02-23 19:34:42,666 - INFO -   Total acumulado: 140 registros
2026-02-23 19:34:42,667 - INFO - [166/633] Baixando órgão: 26235
2026-02-23 19:34:42,811 - INFO -   Total acumulado: 140 registros
2026-02-23 19:34:42,812 - INFO - [167/633] Baixando órgão: 26236
2026-02-23 19:34:42,984 - INFO -   Total acumulado: 140 registros
2026-02-23 19:34:42,984 - INFO - [168/633] Baixando órgão: 26237
2026-02-23 19:34:43,135 - INFO -   Total acumulado: 140 registros
2026-02-23 19:34:43,136 - INFO - [169/633] Baixando órgão: 26238
2026-02-23 19:34:43,280 - INFO -   Total acumulado: 140 registros
2026-02-23 19:34:43,281 - INFO - [170/633] Baixando órgão: 26239
2026-02-23 19:34:43,432 - INFO -   Total acumulado: 140 registros
2026-02-23 19:34:43,432 - INFO - [171/633] Baixando órgão: 26240
2026-02-23 19:34:43,582 - INFO -   Total acumulado: 140 registros
2026-02-23 19:34:43,582 - INFO - [172/633] Baixando órgão: 26241
2026-02-23 19:34:43,741 - INFO -   Total acumulado: 140 registros
2026-02-23 19:34:43,741 - INFO - [173/633] Baixando órgão: 26242
2026-02-23 19:34:43,891 - INFO -   Total acumulado: 140 registros
2026-02-23 19:34:43,892 - INFO - [174/633] Baixando órgão: 26243
2026-02-23 19:34:45,106 - INFO -   Total acumulado: 140 registros
2026-02-23 19:34:45,106 - INFO - [175/633] Baixando órgão: 26244
2026-02-23 19:34:45,295 - INFO -   Total acumulado: 140 registros
2026-02-23 19:34:45,295 - INFO - [176/633] Baixando órgão: 26245
2026-02-23 19:34:45,442 - INFO -   Total acumulado: 140 registros
2026-02-23 19:34:45,443 - INFO - [177/633] Baixando órgão: 26246
2026-02-23 19:34:45,604 - INFO -   Total acumulado: 140 registros
2026-02-23 19:34:45,605 - INFO - [178/633] Baixando órgão: 26247
2026-02-23 19:34:45,741 - INFO -   Total acumulado: 140 registros
2026-02-23 19:34:45,742 - INFO - [179/633] Baixando órgão: 26248
2026-02-23 19:34:45,882 - INFO -   Total acumulado: 140 registros
2026-02-23 19:34:45,883 - INFO - [180/633] Baixando órgão: 26249
2026-02-23 19:34:47,165 - INFO -   Total acumulado: 140 registros
2026-02-23 19:34:47,166 - INFO - [181/633] Baixando órgão: 26250
2026-02-23 19:34:47,335 - INFO -   Total acumulado: 140 registros
2026-02-23 19:34:47,335 - INFO - [182/633] Baixando órgão: 26251
2026-02-23 19:34:47,486 - INFO -   Total acumulado: 140 registros
2026-02-23 19:34:47,486 - INFO - [183/633] Baixando órgão: 26252
2026-02-23 19:34:47,635 - INFO -   Total acumulado: 140 registros
2026-02-23 19:34:47,636 - INFO - [184/633] Baixando órgão: 26253
2026-02-23 19:34:47,789 - INFO -   Total acumulado: 140 registros
2026-02-23 19:34:47,790 - INFO - [185/633] Baixando órgão: 26254
2026-02-23 19:34:47,937 - INFO -   Total acumulado: 140 registros
2026-02-23 19:34:47,938 - INFO - [186/633] Baixando órgão: 26255
2026-02-23 19:34:48,087 - INFO -   Total acumulado: 140 registros
2026-02-23 19:34:48,087 - INFO - [187/633] Baixando órgão: 26256
2026-02-23 19:34:48,229 - INFO -   Total acumulado: 140 registros
2026-02-23 19:34:48,230 - INFO - [188/633] Baixando órgão: 26257
2026-02-23 19:34:48,375 - INFO -   Total acumulado: 140 registros
2026-02-23 19:34:48,375 - INFO - [189/633] Baixando órgão: 26258
2026-02-23 19:34:48,521 - INFO -   Total acumulado: 140 registros
2026-02-23 19:34:48,522 - INFO - [190/633] Baixando órgão: 26259
2026-02-23 19:34:48,661 - INFO -   Total acumulado: 140 registros
2026-02-23 19:34:48,661 - INFO - [191/633] Baixando órgão: 26260
2026-02-23 19:34:48,806 - INFO -   Total acumulado: 140 registros
2026-02-23 19:34:48,807 - INFO - [192/633] Baixando órgão: 26261
2026-02-23 19:34:48,954 - INFO -   Total acumulado: 140 registros
2026-02-23 19:34:48,955 - INFO - [193/633] Baixando órgão: 26262
2026-02-23 19:34:49,116 - INFO -   Total acumulado: 140 registros
2026-02-23 19:34:49,116 - INFO - [194/633] Baixando órgão: 26263
2026-02-23 19:34:49,270 - INFO -   Total acumulado: 140 registros
2026-02-23 19:34:49,270 - INFO - [195/633] Baixando órgão: 26264
2026-02-23 19:34:49,447 - INFO -   Total acumulado: 140 registros
2026-02-23 19:34:49,448 - INFO - [196/633] Baixando órgão: 26266
2026-02-23 19:34:49,666 - INFO -   Total acumulado: 140 registros
2026-02-23 19:34:49,666 - INFO - [197/633] Baixando órgão: 26267
2026-02-23 19:34:49,823 - INFO -   Total acumulado: 140 registros
2026-02-23 19:34:49,823 - INFO - [198/633] Baixando órgão: 26268
2026-02-23 19:34:51,035 - INFO -   Total acumulado: 140 registros
2026-02-23 19:34:51,036 - INFO - [199/633] Baixando órgão: 26269
2026-02-23 19:34:51,198 - INFO -   Total acumulado: 140 registros
2026-02-23 19:34:51,199 - INFO - [200/633] Baixando órgão: 26270
2026-02-23 19:34:51,352 - INFO -   Total acumulado: 140 registros
2026-02-23 19:34:51,353 - INFO - [201/633] Baixando órgão: 26271
2026-02-23 19:34:52,507 - INFO -   Total acumulado: 140 registros
2026-02-23 19:34:52,507 - INFO - [202/633] Baixando órgão: 26272
2026-02-23 19:34:52,658 - INFO -   Total acumulado: 140 registros
2026-02-23 19:34:52,659 - INFO - [203/633] Baixando órgão: 26273
2026-02-23 19:34:52,875 - INFO -   Total acumulado: 140 registros
2026-02-23 19:34:52,877 - INFO - [204/633] Baixando órgão: 26274
2026-02-23 19:34:54,080 - INFO -   Total acumulado: 140 registros
2026-02-23 19:34:54,080 - INFO - [205/633] Baixando órgão: 26275
2026-02-23 19:34:54,285 - INFO -   Total acumulado: 140 registros
2026-02-23 19:34:54,286 - INFO - [206/633] Baixando órgão: 26276
2026-02-23 19:34:54,434 - INFO -   Total acumulado: 140 registros
2026-02-23 19:34:54,435 - INFO - [207/633] Baixando órgão: 26277
2026-02-23 19:34:54,606 - INFO -   Total acumulado: 140 registros
2026-02-23 19:34:54,607 - INFO - [208/633] Baixando órgão: 26278
2026-02-23 19:34:54,757 - INFO -   Total acumulado: 140 registros
2026-02-23 19:34:54,757 - INFO - [209/633] Baixando órgão: 26279
2026-02-23 19:34:54,916 - INFO -   Total acumulado: 140 registros
2026-02-23 19:34:54,917 - INFO - [210/633] Baixando órgão: 26280
2026-02-23 19:34:55,075 - INFO -   Total acumulado: 140 registros
2026-02-23 19:34:55,076 - INFO - [211/633] Baixando órgão: 26281
2026-02-23 19:34:55,222 - INFO -   Total acumulado: 140 registros
2026-02-23 19:34:55,222 - INFO - [212/633] Baixando órgão: 26282
2026-02-23 19:34:55,362 - INFO -   Total acumulado: 140 registros
2026-02-23 19:34:55,363 - INFO - [213/633] Baixando órgão: 26283
2026-02-23 19:34:55,524 - INFO -   Total acumulado: 140 registros
2026-02-23 19:34:55,525 - INFO - [214/633] Baixando órgão: 26284
2026-02-23 19:34:55,667 - INFO -   Total acumulado: 140 registros
2026-02-23 19:34:55,668 - INFO - [215/633] Baixando órgão: 26285
2026-02-23 19:34:55,859 - INFO -   Total acumulado: 140 registros
2026-02-23 19:34:55,859 - INFO - [216/633] Baixando órgão: 26286
2026-02-23 19:34:56,127 - INFO -   Total acumulado: 140 registros
2026-02-23 19:34:56,127 - INFO - [217/633] Baixando órgão: 26287
2026-02-23 19:34:56,268 - INFO -   Total acumulado: 140 registros
2026-02-23 19:34:56,268 - INFO - [218/633] Baixando órgão: 26288
2026-02-23 19:34:57,442 - INFO -   Total acumulado: 140 registros
2026-02-23 19:34:57,443 - INFO - [219/633] Baixando órgão: 26289
2026-02-23 19:34:57,589 - INFO -   Total acumulado: 140 registros
2026-02-23 19:34:57,590 - INFO - [220/633] Baixando órgão: 26290
2026-02-23 19:34:57,730 - INFO -   Total acumulado: 140 registros
2026-02-23 19:34:57,730 - INFO - [221/633] Baixando órgão: 26291
2026-02-23 19:34:57,882 - INFO -   Total acumulado: 140 registros
2026-02-23 19:34:57,883 - INFO - [222/633] Baixando órgão: 26292
2026-02-23 19:34:59,068 - INFO -   Total acumulado: 140 registros
2026-02-23 19:34:59,069 - INFO - [223/633] Baixando órgão: 26293
2026-02-23 19:34:59,220 - INFO -   Total acumulado: 140 registros
2026-02-23 19:34:59,221 - INFO - [224/633] Baixando órgão: 26294
2026-02-23 19:34:59,358 - INFO -   Total acumulado: 140 registros
2026-02-23 19:34:59,359 - INFO - [225/633] Baixando órgão: 26295
2026-02-23 19:35:00,537 - INFO -   Total acumulado: 140 registros
2026-02-23 19:35:00,538 - INFO - [226/633] Baixando órgão: 26298
2026-02-23 19:35:00,697 - INFO -   Total acumulado: 140 registros
2026-02-23 19:35:00,697 - INFO - [227/633] Baixando órgão: 26301
2026-02-23 19:35:00,846 - INFO -   Total acumulado: 140 registros
2026-02-23 19:35:00,846 - INFO - [228/633] Baixando órgão: 26302
2026-02-23 19:35:00,997 - INFO -   Total acumulado: 140 registros
2026-02-23 19:35:00,998 - INFO - [229/633] Baixando órgão: 26303
2026-02-23 19:35:01,152 - INFO -   Total acumulado: 140 registros
2026-02-23 19:35:01,153 - INFO - [230/633] Baixando órgão: 26304
2026-02-23 19:35:01,298 - INFO -   Total acumulado: 140 registros
2026-02-23 19:35:01,299 - INFO - [231/633] Baixando órgão: 26305
2026-02-23 19:35:01,451 - INFO -   Total acumulado: 140 registros
2026-02-23 19:35:01,452 - INFO - [232/633] Baixando órgão: 26306
2026-02-23 19:35:01,619 - INFO -   Total acumulado: 140 registros
2026-02-23 19:35:01,619 - INFO - [233/633] Baixando órgão: 26307
2026-02-23 19:35:01,826 - INFO -   Total acumulado: 140 registros
2026-02-23 19:35:01,827 - INFO - [234/633] Baixando órgão: 26308
2026-02-23 19:35:01,997 - INFO -   Total acumulado: 140 registros
2026-02-23 19:35:01,998 - INFO - [235/633] Baixando órgão: 26309
2026-02-23 19:35:02,152 - INFO -   Total acumulado: 140 registros
2026-02-23 19:35:02,153 - INFO - [236/633] Baixando órgão: 26310
2026-02-23 19:35:02,295 - INFO -   Total acumulado: 140 registros
2026-02-23 19:35:02,296 - INFO - [237/633] Baixando órgão: 26311
2026-02-23 19:35:02,446 - INFO -   Total acumulado: 140 registros
2026-02-23 19:35:02,447 - INFO - [238/633] Baixando órgão: 26312
2026-02-23 19:35:02,599 - INFO -   Total acumulado: 140 registros
2026-02-23 19:35:02,600 - INFO - [239/633] Baixando órgão: 26313
2026-02-23 19:35:02,745 - INFO -   Total acumulado: 140 registros
2026-02-23 19:35:02,746 - INFO - [240/633] Baixando órgão: 26314
2026-02-23 19:35:02,897 - INFO -   Total acumulado: 140 registros
2026-02-23 19:35:02,898 - INFO - [241/633] Baixando órgão: 26315
2026-02-23 19:35:03,081 - INFO -   Total acumulado: 140 registros
2026-02-23 19:35:03,081 - INFO - [242/633] Baixando órgão: 26316
2026-02-23 19:35:03,248 - INFO -   Total acumulado: 140 registros
2026-02-23 19:35:03,249 - INFO - [243/633] Baixando órgão: 26317
2026-02-23 19:35:03,416 - INFO -   Total acumulado: 140 registros
2026-02-23 19:35:03,417 - INFO - [244/633] Baixando órgão: 26318
2026-02-23 19:35:03,583 - INFO -   Total acumulado: 140 registros
2026-02-23 19:35:03,584 - INFO - [245/633] Baixando órgão: 26319
2026-02-23 19:35:03,750 - INFO -   Total acumulado: 140 registros
2026-02-23 19:35:03,750 - INFO - [246/633] Baixando órgão: 26320
2026-02-23 19:35:03,891 - INFO -   Total acumulado: 140 registros
2026-02-23 19:35:03,891 - INFO - [247/633] Baixando órgão: 26321
2026-02-23 19:35:04,083 - INFO -   Total acumulado: 140 registros
2026-02-23 19:35:04,083 - INFO - [248/633] Baixando órgão: 26322
2026-02-23 19:35:04,251 - INFO -   Total acumulado: 140 registros
2026-02-23 19:35:04,251 - INFO - [249/633] Baixando órgão: 26323
2026-02-23 19:35:04,418 - INFO -   Total acumulado: 140 registros
2026-02-23 19:35:04,418 - INFO - [250/633] Baixando órgão: 26324
2026-02-23 19:35:04,578 - INFO -   Total acumulado: 140 registros
2026-02-23 19:35:04,579 - INFO - [251/633] Baixando órgão: 26325
2026-02-23 19:35:04,763 - INFO -   Total acumulado: 140 registros
2026-02-23 19:35:04,763 - INFO - [252/633] Baixando órgão: 26326
2026-02-23 19:35:04,916 - INFO -   Total acumulado: 140 registros
2026-02-23 19:35:04,917 - INFO - [253/633] Baixando órgão: 26327
2026-02-23 19:35:05,085 - INFO -   Total acumulado: 140 registros
2026-02-23 19:35:05,086 - INFO - [254/633] Baixando órgão: 26328
2026-02-23 19:35:05,234 - INFO -   Total acumulado: 140 registros
2026-02-23 19:35:05,234 - INFO - [255/633] Baixando órgão: 26329
2026-02-23 19:35:05,382 - INFO -   Total acumulado: 140 registros
2026-02-23 19:35:05,382 - INFO - [256/633] Baixando órgão: 26330
2026-02-23 19:35:06,538 - INFO -   Total acumulado: 140 registros
2026-02-23 19:35:06,539 - INFO - [257/633] Baixando órgão: 26331
2026-02-23 19:35:06,707 - INFO -   Total acumulado: 140 registros
2026-02-23 19:35:06,708 - INFO - [258/633] Baixando órgão: 26332
2026-02-23 19:35:06,857 - INFO -   Total acumulado: 140 registros
2026-02-23 19:35:06,857 - INFO - [259/633] Baixando órgão: 26333
2026-02-23 19:35:07,092 - INFO -   Total acumulado: 140 registros
2026-02-23 19:35:07,093 - INFO - [260/633] Baixando órgão: 26334
2026-02-23 19:35:07,268 - INFO -   Total acumulado: 140 registros
2026-02-23 19:35:07,268 - INFO - [261/633] Baixando órgão: 26335
2026-02-23 19:35:07,420 - INFO -   Total acumulado: 140 registros
2026-02-23 19:35:07,421 - INFO - [262/633] Baixando órgão: 26336
2026-02-23 19:35:07,569 - INFO -   Total acumulado: 140 registros
2026-02-23 19:35:07,570 - INFO - [263/633] Baixando órgão: 26337
2026-02-23 19:35:07,721 - INFO -   Total acumulado: 140 registros
2026-02-23 19:35:07,722 - INFO - [264/633] Baixando órgão: 26338
2026-02-23 19:35:07,869 - INFO -   Total acumulado: 140 registros
2026-02-23 19:35:07,869 - INFO - [265/633] Baixando órgão: 26339
2026-02-23 19:35:08,020 - INFO -   Total acumulado: 140 registros
2026-02-23 19:35:08,021 - INFO - [266/633] Baixando órgão: 26340
2026-02-23 19:35:08,203 - INFO -   Total acumulado: 140 registros
2026-02-23 19:35:08,203 - INFO - [267/633] Baixando órgão: 26341
2026-02-23 19:35:08,383 - INFO -   Total acumulado: 140 registros
2026-02-23 19:35:08,384 - INFO - [268/633] Baixando órgão: 26342
2026-02-23 19:35:08,627 - INFO -   Total acumulado: 140 registros
2026-02-23 19:35:08,628 - INFO - [269/633] Baixando órgão: 26343
2026-02-23 19:35:08,789 - INFO -   Total acumulado: 140 registros
2026-02-23 19:35:08,790 - INFO - [270/633] Baixando órgão: 26344
2026-02-23 19:35:08,941 - INFO -   Total acumulado: 140 registros
2026-02-23 19:35:08,942 - INFO - [271/633] Baixando órgão: 26345
2026-02-23 19:35:09,082 - INFO -   Total acumulado: 140 registros
2026-02-23 19:35:09,082 - INFO - [272/633] Baixando órgão: 26346
2026-02-23 19:35:09,231 - INFO -   Total acumulado: 140 registros
2026-02-23 19:35:09,232 - INFO - [273/633] Baixando órgão: 26347
2026-02-23 19:35:09,383 - INFO -   Total acumulado: 140 registros
2026-02-23 19:35:09,384 - INFO - [274/633] Baixando órgão: 26350
2026-02-23 19:35:09,541 - INFO -   Total acumulado: 140 registros
2026-02-23 19:35:09,541 - INFO - [275/633] Baixando órgão: 26351
2026-02-23 19:35:09,695 - INFO -   Total acumulado: 140 registros
2026-02-23 19:35:09,695 - INFO - [276/633] Baixando órgão: 26352
2026-02-23 19:35:09,836 - INFO -   Total acumulado: 140 registros
2026-02-23 19:35:09,837 - INFO - [277/633] Baixando órgão: 26353
2026-02-23 19:35:11,029 - INFO -   Total acumulado: 140 registros
2026-02-23 19:35:11,030 - INFO - [278/633] Baixando órgão: 26354
2026-02-23 19:35:11,202 - INFO -   Total acumulado: 140 registros
2026-02-23 19:35:11,203 - INFO - [279/633] Baixando órgão: 26355
2026-02-23 19:35:11,380 - INFO -   Total acumulado: 140 registros
2026-02-23 19:35:11,380 - INFO - [280/633] Baixando órgão: 26356
2026-02-23 19:35:11,524 - INFO -   Total acumulado: 140 registros
2026-02-23 19:35:11,524 - INFO - [281/633] Baixando órgão: 26357
2026-02-23 19:35:11,672 - INFO -   Total acumulado: 140 registros
2026-02-23 19:35:11,672 - INFO - [282/633] Baixando órgão: 26402
2026-02-23 19:35:11,841 - INFO -   Total acumulado: 140 registros
2026-02-23 19:35:11,842 - INFO - [283/633] Baixando órgão: 26403
2026-02-23 19:35:12,019 - INFO -   Total acumulado: 140 registros
2026-02-23 19:35:12,020 - INFO - [284/633] Baixando órgão: 26404
2026-02-23 19:35:12,184 - INFO -   Total acumulado: 140 registros
2026-02-23 19:35:12,184 - INFO - [285/633] Baixando órgão: 26405
2026-02-23 19:35:12,339 - INFO -   Total acumulado: 140 registros
2026-02-23 19:35:12,340 - INFO - [286/633] Baixando órgão: 26406
2026-02-23 19:35:12,520 - INFO -   Total acumulado: 140 registros
2026-02-23 19:35:12,520 - INFO - [287/633] Baixando órgão: 26407
2026-02-23 19:35:12,677 - INFO -   Total acumulado: 140 registros
2026-02-23 19:35:12,677 - INFO - [288/633] Baixando órgão: 26408
2026-02-23 19:35:12,856 - INFO -   Total acumulado: 140 registros
2026-02-23 19:35:12,856 - INFO - [289/633] Baixando órgão: 26409
2026-02-23 19:35:13,008 - INFO -   Total acumulado: 140 registros
2026-02-23 19:35:13,008 - INFO - [290/633] Baixando órgão: 26410
2026-02-23 19:35:13,156 - INFO -   Total acumulado: 140 registros
2026-02-23 19:35:13,157 - INFO - [291/633] Baixando órgão: 26411
2026-02-23 19:35:13,313 - INFO -   Total acumulado: 140 registros
2026-02-23 19:35:13,313 - INFO - [292/633] Baixando órgão: 26412
2026-02-23 19:35:13,454 - INFO -   Total acumulado: 140 registros
2026-02-23 19:35:13,455 - INFO - [293/633] Baixando órgão: 26413
2026-02-23 19:35:13,641 - INFO -   Total acumulado: 140 registros
2026-02-23 19:35:13,642 - INFO - [294/633] Baixando órgão: 26414
2026-02-23 19:35:13,820 - INFO -   Total acumulado: 140 registros
2026-02-23 19:35:13,821 - INFO - [295/633] Baixando órgão: 26415
2026-02-23 19:35:13,977 - INFO -   Total acumulado: 140 registros
2026-02-23 19:35:13,977 - INFO - [296/633] Baixando órgão: 26416
2026-02-23 19:35:14,156 - INFO -   Total acumulado: 140 registros
2026-02-23 19:35:14,157 - INFO - [297/633] Baixando órgão: 26417
2026-02-23 19:35:14,308 - INFO -   Total acumulado: 140 registros
2026-02-23 19:35:14,309 - INFO - [298/633] Baixando órgão: 26418
2026-02-23 19:35:15,503 - INFO -   Total acumulado: 140 registros
2026-02-23 19:35:15,504 - INFO - [299/633] Baixando órgão: 26419
2026-02-23 19:35:15,666 - INFO -   Total acumulado: 140 registros
2026-02-23 19:35:15,667 - INFO - [300/633] Baixando órgão: 26420
2026-02-23 19:35:15,810 - INFO -   Total acumulado: 140 registros
2026-02-23 19:35:15,810 - INFO - [301/633] Baixando órgão: 26421
2026-02-23 19:35:16,972 - INFO -   Total acumulado: 140 registros
2026-02-23 19:35:16,973 - INFO - [302/633] Baixando órgão: 26422
2026-02-23 19:35:17,119 - INFO -   Total acumulado: 140 registros
2026-02-23 19:35:17,119 - INFO - [303/633] Baixando órgão: 26423
2026-02-23 19:35:17,261 - INFO -   Total acumulado: 140 registros
2026-02-23 19:35:17,262 - INFO - [304/633] Baixando órgão: 26424
2026-02-23 19:35:17,403 - INFO -   Total acumulado: 140 registros
2026-02-23 19:35:17,404 - INFO - [305/633] Baixando órgão: 26425
2026-02-23 19:35:17,581 - INFO -   Total acumulado: 140 registros
2026-02-23 19:35:17,581 - INFO - [306/633] Baixando órgão: 26426
2026-02-23 19:35:17,743 - INFO -   Total acumulado: 140 registros
2026-02-23 19:35:17,743 - INFO - [307/633] Baixando órgão: 26427
2026-02-23 19:35:17,905 - INFO -   Total acumulado: 140 registros
2026-02-23 19:35:17,906 - INFO - [308/633] Baixando órgão: 26428
2026-02-23 19:35:18,052 - INFO -   Total acumulado: 140 registros
2026-02-23 19:35:18,053 - INFO - [309/633] Baixando órgão: 26429
2026-02-23 19:35:18,221 - INFO -   Total acumulado: 140 registros
2026-02-23 19:35:18,222 - INFO - [310/633] Baixando órgão: 26430
2026-02-23 19:35:18,377 - INFO -   Total acumulado: 140 registros
2026-02-23 19:35:18,378 - INFO - [311/633] Baixando órgão: 26431
2026-02-23 19:35:18,522 - INFO -   Total acumulado: 140 registros
2026-02-23 19:35:18,523 - INFO - [312/633] Baixando órgão: 26432
2026-02-23 19:35:18,667 - INFO -   Total acumulado: 140 registros
2026-02-23 19:35:18,668 - INFO - [313/633] Baixando órgão: 26433
2026-02-23 19:35:18,817 - INFO -   Total acumulado: 140 registros
2026-02-23 19:35:18,818 - INFO - [314/633] Baixando órgão: 26434
2026-02-23 19:35:19,972 - INFO -   Total acumulado: 140 registros
2026-02-23 19:35:19,972 - INFO - [315/633] Baixando órgão: 26435
2026-02-23 19:35:20,117 - INFO -   Total acumulado: 140 registros
2026-02-23 19:35:20,118 - INFO - [316/633] Baixando órgão: 26436
2026-02-23 19:35:20,269 - INFO -   Total acumulado: 140 registros
2026-02-23 19:35:20,269 - INFO - [317/633] Baixando órgão: 26437
2026-02-23 19:35:20,413 - INFO -   Total acumulado: 140 registros
2026-02-23 19:35:20,413 - INFO - [318/633] Baixando órgão: 26438
2026-02-23 19:35:20,562 - INFO -   Total acumulado: 140 registros
2026-02-23 19:35:20,563 - INFO - [319/633] Baixando órgão: 26439
2026-02-23 19:35:20,709 - INFO -   Total acumulado: 140 registros
2026-02-23 19:35:20,709 - INFO - [320/633] Baixando órgão: 26440
2026-02-23 19:35:20,861 - INFO -   Total acumulado: 140 registros
2026-02-23 19:35:20,861 - INFO - [321/633] Baixando órgão: 26441
2026-02-23 19:35:21,021 - INFO -   Total acumulado: 140 registros
2026-02-23 19:35:21,022 - INFO - [322/633] Baixando órgão: 26442
2026-02-23 19:35:21,171 - INFO -   Total acumulado: 140 registros
2026-02-23 19:35:21,171 - INFO - [323/633] Baixando órgão: 26443
2026-02-23 19:35:21,320 - INFO -   Total acumulado: 140 registros
2026-02-23 19:35:21,321 - INFO - [324/633] Baixando órgão: 26447
2026-02-23 19:35:21,528 - INFO -   Total acumulado: 140 registros
2026-02-23 19:35:21,528 - INFO - [325/633] Baixando órgão: 26448
2026-02-23 19:35:21,691 - INFO -   Total acumulado: 140 registros
2026-02-23 19:35:21,692 - INFO - [326/633] Baixando órgão: 26449
2026-02-23 19:35:21,854 - INFO -   Total acumulado: 140 registros
2026-02-23 19:35:21,854 - INFO - [327/633] Baixando órgão: 26450
2026-02-23 19:35:23,063 - INFO -   Total acumulado: 140 registros
2026-02-23 19:35:23,064 - INFO - [328/633] Baixando órgão: 26452
2026-02-23 19:35:23,254 - INFO -   Total acumulado: 140 registros
2026-02-23 19:35:23,255 - INFO - [329/633] Baixando órgão: 26453
2026-02-23 19:35:23,427 - INFO -   Total acumulado: 140 registros
2026-02-23 19:35:23,427 - INFO - [330/633] Baixando órgão: 26454
2026-02-23 19:35:23,596 - INFO -   Total acumulado: 140 registros
2026-02-23 19:35:23,597 - INFO - [331/633] Baixando órgão: 26455
2026-02-23 19:35:23,799 - INFO -   Total acumulado: 140 registros
2026-02-23 19:35:23,800 - INFO - [332/633] Baixando órgão: 26456
2026-02-23 19:35:23,960 - INFO -   Total acumulado: 140 registros
2026-02-23 19:35:23,960 - INFO - [333/633] Baixando órgão: 26457
2026-02-23 19:35:24,134 - INFO -   Total acumulado: 140 registros
2026-02-23 19:35:24,134 - INFO - [334/633] Baixando órgão: 26801
2026-02-23 19:35:24,292 - INFO -   Total acumulado: 140 registros
2026-02-23 19:35:24,293 - INFO - [335/633] Baixando órgão: 26802
2026-02-23 19:35:24,461 - INFO -   Total acumulado: 140 registros
2026-02-23 19:35:24,462 - INFO - [336/633] Baixando órgão: 27201
2026-02-23 19:35:24,632 - INFO -   Total acumulado: 140 registros
2026-02-23 19:35:24,633 - INFO - [337/633] Baixando órgão: 28000
2026-02-23 19:35:24,808 - INFO -   Órgão 28000 - página 1: 5 registros
2026-02-23 19:35:24,975 - INFO -   Total acumulado: 145 registros
2026-02-23 19:35:24,975 - INFO - [338/633] Baixando órgão: 28500
2026-02-23 19:35:25,139 - INFO -   Total acumulado: 145 registros
2026-02-23 19:35:25,139 - INFO - [339/633] Baixando órgão: 28501
2026-02-23 19:35:25,310 - INFO -   Total acumulado: 145 registros
2026-02-23 19:35:25,310 - INFO - [340/633] Baixando órgão: 28801
2026-02-23 19:35:25,464 - INFO -   Total acumulado: 145 registros
2026-02-23 19:35:25,464 - INFO - [341/633] Baixando órgão: 28904
2026-02-23 19:35:25,622 - INFO -   Total acumulado: 145 registros
2026-02-23 19:35:25,623 - INFO - [342/633] Baixando órgão: 29000
2026-02-23 19:35:25,777 - INFO -   Total acumulado: 145 registros
2026-02-23 19:35:25,778 - INFO - [343/633] Baixando órgão: 29201
2026-02-23 19:35:25,977 - INFO -   Total acumulado: 145 registros
2026-02-23 19:35:25,978 - INFO - [344/633] Baixando órgão: 29202
2026-02-23 19:35:26,130 - INFO -   Total acumulado: 145 registros
2026-02-23 19:35:26,131 - INFO - [345/633] Baixando órgão: 29203
2026-02-23 19:35:26,304 - INFO -   Total acumulado: 145 registros
2026-02-23 19:35:26,305 - INFO - [346/633] Baixando órgão: 29204
2026-02-23 19:35:26,482 - INFO -   Total acumulado: 145 registros
2026-02-23 19:35:26,483 - INFO - [347/633] Baixando órgão: 29205
2026-02-23 19:35:26,634 - INFO -   Total acumulado: 145 registros
2026-02-23 19:35:26,634 - INFO - [348/633] Baixando órgão: 29207
2026-02-23 19:35:26,778 - INFO -   Total acumulado: 145 registros
2026-02-23 19:35:26,779 - INFO - [349/633] Baixando órgão: 29208
2026-02-23 19:35:26,929 - INFO -   Total acumulado: 145 registros
2026-02-23 19:35:26,930 - INFO - [350/633] Baixando órgão: 29209
2026-02-23 19:35:27,076 - INFO -   Total acumulado: 145 registros
2026-02-23 19:35:27,077 - INFO - [351/633] Baixando órgão: 29214
2026-02-23 19:35:27,223 - INFO -   Total acumulado: 145 registros
2026-02-23 19:35:27,223 - INFO - [352/633] Baixando órgão: 30000
2026-02-23 19:35:27,366 - INFO -   Órgão 30000 - página 1: 9 registros
2026-02-23 19:35:27,510 - INFO -   Total acumulado: 154 registros
2026-02-23 19:35:27,511 - INFO - [353/633] Baixando órgão: 30108
2026-02-23 19:35:27,676 - INFO -   Total acumulado: 154 registros
2026-02-23 19:35:27,677 - INFO - [354/633] Baixando órgão: 30201
2026-02-23 19:35:27,860 - INFO -   Total acumulado: 154 registros
2026-02-23 19:35:27,861 - INFO - [355/633] Baixando órgão: 30202
2026-02-23 19:35:28,010 - INFO -   Total acumulado: 154 registros
2026-02-23 19:35:28,011 - INFO - [356/633] Baixando órgão: 30203
2026-02-23 19:35:28,189 - INFO -   Total acumulado: 154 registros
2026-02-23 19:35:28,190 - INFO - [357/633] Baixando órgão: 30204
2026-02-23 19:35:28,355 - INFO -   Total acumulado: 154 registros
2026-02-23 19:35:28,355 - INFO - [358/633] Baixando órgão: 30205
2026-02-23 19:35:28,507 - INFO -   Total acumulado: 154 registros
2026-02-23 19:35:28,508 - INFO - [359/633] Baixando órgão: 30211
2026-02-23 19:35:28,664 - INFO -   Total acumulado: 154 registros
2026-02-23 19:35:28,665 - INFO - [360/633] Baixando órgão: 30212
2026-02-23 19:35:28,803 - INFO -   Total acumulado: 154 registros
2026-02-23 19:35:28,804 - INFO - [361/633] Baixando órgão: 30801
2026-02-23 19:35:28,959 - INFO -   Total acumulado: 154 registros
2026-02-23 19:35:28,960 - INFO - [362/633] Baixando órgão: 30802
2026-02-23 19:35:29,104 - INFO -   Total acumulado: 154 registros
2026-02-23 19:35:29,104 - INFO - [363/633] Baixando órgão: 30803
2026-02-23 19:35:29,275 - INFO -   Total acumulado: 154 registros
2026-02-23 19:35:29,276 - INFO - [364/633] Baixando órgão: 30905
2026-02-23 19:35:29,416 - INFO -   Total acumulado: 154 registros
2026-02-23 19:35:29,417 - INFO - [365/633] Baixando órgão: 30907
2026-02-23 19:35:29,570 - INFO -   Total acumulado: 154 registros
2026-02-23 19:35:29,571 - INFO - [366/633] Baixando órgão: 30909
2026-02-23 19:35:29,718 - INFO -   Total acumulado: 154 registros
2026-02-23 19:35:29,719 - INFO - [367/633] Baixando órgão: 30911
2026-02-23 19:35:29,859 - INFO -   Total acumulado: 154 registros
2026-02-23 19:35:29,860 - INFO - [368/633] Baixando órgão: 30912
2026-02-23 19:35:31,071 - INFO -   Total acumulado: 154 registros
2026-02-23 19:35:31,071 - INFO - [369/633] Baixando órgão: 30913
2026-02-23 19:35:31,296 - INFO -   Total acumulado: 154 registros
2026-02-23 19:35:31,297 - INFO - [370/633] Baixando órgão: 30914
2026-02-23 19:35:31,875 - INFO -   Total acumulado: 154 registros
2026-02-23 19:35:31,876 - INFO - [371/633] Baixando órgão: 31280
2026-02-23 19:35:32,290 - INFO -   Total acumulado: 154 registros
2026-02-23 19:35:32,290 - INFO - [372/633] Baixando órgão: 32000
2026-02-23 19:35:32,719 - INFO -   Órgão 32000 - página 1: 7 registros
2026-02-23 19:35:32,868 - INFO -   Total acumulado: 161 registros
2026-02-23 19:35:32,868 - INFO - [373/633] Baixando órgão: 32201
2026-02-23 19:35:33,131 - INFO -   Total acumulado: 161 registros
2026-02-23 19:35:33,132 - INFO - [374/633] Baixando órgão: 32205
2026-02-23 19:35:33,540 - INFO -   Total acumulado: 161 registros
2026-02-23 19:35:33,540 - INFO - [375/633] Baixando órgão: 32210
2026-02-23 19:35:33,699 - INFO -   Total acumulado: 161 registros
2026-02-23 19:35:33,699 - INFO - [376/633] Baixando órgão: 32263
2026-02-23 19:35:33,859 - INFO -   Total acumulado: 161 registros
2026-02-23 19:35:33,860 - INFO - [377/633] Baixando órgão: 32314
2026-02-23 19:35:35,077 - INFO -   Total acumulado: 161 registros
2026-02-23 19:35:35,077 - INFO - [378/633] Baixando órgão: 32396
2026-02-23 19:35:35,227 - INFO -   Total acumulado: 161 registros
2026-02-23 19:35:35,228 - INFO - [379/633] Baixando órgão: 32401
2026-02-23 19:35:35,386 - INFO -   Total acumulado: 161 registros
2026-02-23 19:35:35,386 - INFO - [380/633] Baixando órgão: 32801
2026-02-23 19:35:35,547 - INFO -   Total acumulado: 161 registros
2026-02-23 19:35:35,548 - INFO - [381/633] Baixando órgão: 32802
2026-02-23 19:35:35,695 - INFO -   Total acumulado: 161 registros
2026-02-23 19:35:35,696 - INFO - [382/633] Baixando órgão: 32991
2026-02-23 19:35:35,836 - INFO -   Total acumulado: 161 registros
2026-02-23 19:35:35,836 - INFO - [383/633] Baixando órgão: 32992
2026-02-23 19:35:37,052 - INFO -   Total acumulado: 161 registros
2026-02-23 19:35:37,053 - INFO - [384/633] Baixando órgão: 32993
2026-02-23 19:35:37,219 - INFO -   Total acumulado: 161 registros
2026-02-23 19:35:37,219 - INFO - [385/633] Baixando órgão: 33000
2026-02-23 19:35:37,374 - INFO -   Órgão 33000 - página 1: 4 registros
2026-02-23 19:35:38,543 - INFO -   Total acumulado: 165 registros
2026-02-23 19:35:38,544 - INFO - [386/633] Baixando órgão: 33206
2026-02-23 19:35:38,719 - INFO -   Total acumulado: 165 registros
2026-02-23 19:35:38,720 - INFO - [387/633] Baixando órgão: 33801
2026-02-23 19:35:38,895 - INFO -   Total acumulado: 165 registros
2026-02-23 19:35:38,896 - INFO - [388/633] Baixando órgão: 34000
2026-02-23 19:35:39,061 - INFO -   Total acumulado: 165 registros
2026-02-23 19:35:39,062 - INFO - [389/633] Baixando órgão: 34801
2026-02-23 19:35:39,277 - INFO -   Total acumulado: 165 registros
2026-02-23 19:35:39,278 - INFO - [390/633] Baixando órgão: 34802
2026-02-23 19:35:39,453 - INFO -   Total acumulado: 165 registros
2026-02-23 19:35:39,453 - INFO - [391/633] Baixando órgão: 34902
2026-02-23 19:35:39,600 - INFO -   Total acumulado: 165 registros
2026-02-23 19:35:39,600 - INFO - [392/633] Baixando órgão: 35000
2026-02-23 19:35:39,769 - INFO -   Órgão 35000 - página 1: 2 registros
2026-02-23 19:35:39,920 - INFO -   Total acumulado: 167 registros
2026-02-23 19:35:39,920 - INFO - [393/633] Baixando órgão: 35201
2026-02-23 19:35:40,086 - INFO -   Total acumulado: 167 registros
2026-02-23 19:35:40,086 - INFO - [394/633] Baixando órgão: 36000
2026-02-23 19:35:40,247 - INFO -   Órgão 36000 - página 1: 6 registros
2026-02-23 19:35:40,411 - INFO -   Total acumulado: 173 registros
2026-02-23 19:35:40,412 - INFO - [395/633] Baixando órgão: 36201
2026-02-23 19:35:40,576 - INFO -   Total acumulado: 173 registros
2026-02-23 19:35:40,576 - INFO - [396/633] Baixando órgão: 36208
2026-02-23 19:35:40,725 - INFO -   Total acumulado: 173 registros
2026-02-23 19:35:40,726 - INFO - [397/633] Baixando órgão: 36209
2026-02-23 19:35:40,872 - INFO -   Total acumulado: 173 registros
2026-02-23 19:35:40,873 - INFO - [398/633] Baixando órgão: 36210
2026-02-23 19:35:42,043 - INFO -   Total acumulado: 173 registros
2026-02-23 19:35:42,044 - INFO - [399/633] Baixando órgão: 36211
2026-02-23 19:35:42,220 - INFO -   Total acumulado: 173 registros
2026-02-23 19:35:42,221 - INFO - [400/633] Baixando órgão: 36212
2026-02-23 19:35:42,379 - INFO -   Total acumulado: 173 registros
2026-02-23 19:35:42,380 - INFO - [401/633] Baixando órgão: 36213
2026-02-23 19:35:42,537 - INFO -   Total acumulado: 173 registros
2026-02-23 19:35:42,537 - INFO - [402/633] Baixando órgão: 37000
2026-02-23 19:35:42,697 - INFO -   Órgão 37000 - página 1: 1 registros
2026-02-23 19:35:42,878 - INFO -   Total acumulado: 174 registros
2026-02-23 19:35:42,879 - INFO - [403/633] Baixando órgão: 37201
2026-02-23 19:35:43,023 - INFO -   Total acumulado: 174 registros
2026-02-23 19:35:43,023 - INFO - [404/633] Baixando órgão: 37202
2026-02-23 19:35:43,165 - INFO -   Total acumulado: 174 registros
2026-02-23 19:35:43,166 - INFO - [405/633] Baixando órgão: 37904
2026-02-23 19:35:43,311 - INFO -   Total acumulado: 174 registros
2026-02-23 19:35:43,312 - INFO - [406/633] Baixando órgão: 38000
2026-02-23 19:35:44,505 - INFO -   Total acumulado: 174 registros
2026-02-23 19:35:44,506 - INFO - [407/633] Baixando órgão: 38299
2026-02-23 19:35:44,655 - INFO -   Total acumulado: 174 registros
2026-02-23 19:35:44,656 - INFO - [408/633] Baixando órgão: 38500
2026-02-23 19:35:44,811 - INFO -   Total acumulado: 174 registros
2026-02-23 19:35:44,812 - INFO - [409/633] Baixando órgão: 38505
2026-02-23 19:35:44,958 - INFO -   Total acumulado: 174 registros
2026-02-23 19:35:44,958 - INFO - [410/633] Baixando órgão: 38518
2026-02-23 19:35:45,139 - INFO -   Total acumulado: 174 registros
2026-02-23 19:35:45,139 - INFO - [411/633] Baixando órgão: 38801
2026-02-23 19:35:45,304 - INFO -   Total acumulado: 174 registros
2026-02-23 19:35:45,304 - INFO - [412/633] Baixando órgão: 38802
2026-02-23 19:35:45,456 - INFO -   Total acumulado: 174 registros
2026-02-23 19:35:45,458 - INFO - [413/633] Baixando órgão: 38803
2026-02-23 19:35:45,638 - INFO -   Total acumulado: 174 registros
2026-02-23 19:35:45,639 - INFO - [414/633] Baixando órgão: 38901
2026-02-23 19:35:45,810 - INFO -   Total acumulado: 174 registros
2026-02-23 19:35:45,811 - INFO - [415/633] Baixando órgão: 39000
2026-02-23 19:35:45,973 - INFO -   Órgão 39000 - página 1: 5 registros
2026-02-23 19:35:46,136 - INFO -   Total acumulado: 179 registros
2026-02-23 19:35:46,137 - INFO - [416/633] Baixando órgão: 39250
2026-02-23 19:35:46,298 - INFO -   Total acumulado: 179 registros
2026-02-23 19:35:46,298 - INFO - [417/633] Baixando órgão: 39251
2026-02-23 19:35:46,444 - INFO -   Total acumulado: 179 registros
2026-02-23 19:35:46,444 - INFO - [418/633] Baixando órgão: 39252
2026-02-23 19:35:46,606 - INFO -   Total acumulado: 179 registros
2026-02-23 19:35:46,607 - INFO - [419/633] Baixando órgão: 39253
2026-02-23 19:35:46,750 - INFO -   Total acumulado: 179 registros
2026-02-23 19:35:46,750 - INFO - [420/633] Baixando órgão: 39801
2026-02-23 19:35:46,903 - INFO -   Total acumulado: 179 registros
2026-02-23 19:35:46,904 - INFO - [421/633] Baixando órgão: 39802
2026-02-23 19:35:47,048 - INFO -   Total acumulado: 179 registros
2026-02-23 19:35:47,049 - INFO - [422/633] Baixando órgão: 39811
2026-02-23 19:35:47,191 - INFO -   Total acumulado: 179 registros
2026-02-23 19:35:47,192 - INFO - [423/633] Baixando órgão: 39812
2026-02-23 19:35:47,346 - INFO -   Total acumulado: 179 registros
2026-02-23 19:35:47,347 - INFO - [424/633] Baixando órgão: 39813
2026-02-23 19:35:48,517 - INFO -   Total acumulado: 179 registros
2026-02-23 19:35:48,518 - INFO - [425/633] Baixando órgão: 39814
2026-02-23 19:35:48,664 - INFO -   Total acumulado: 179 registros
2026-02-23 19:35:48,665 - INFO - [426/633] Baixando órgão: 39815
2026-02-23 19:35:48,811 - INFO -   Total acumulado: 179 registros
2026-02-23 19:35:48,812 - INFO - [427/633] Baixando órgão: 39816
2026-02-23 19:35:48,955 - INFO -   Total acumulado: 179 registros
2026-02-23 19:35:48,955 - INFO - [428/633] Baixando órgão: 39817
2026-02-23 19:35:49,091 - INFO -   Total acumulado: 179 registros
2026-02-23 19:35:49,092 - INFO - [429/633] Baixando órgão: 40000
2026-02-23 19:35:49,263 - INFO -   Órgão 40000 - página 1: 3 registros
2026-02-23 19:35:49,460 - INFO -   Total acumulado: 182 registros
2026-02-23 19:35:49,460 - INFO - [430/633] Baixando órgão: 41000
2026-02-23 19:35:49,613 - INFO -   Órgão 41000 - página 1: 5 registros
2026-02-23 19:35:49,758 - INFO -   Total acumulado: 187 registros
2026-02-23 19:35:49,759 - INFO - [431/633] Baixando órgão: 41231
2026-02-23 19:35:49,903 - INFO -   Total acumulado: 187 registros
2026-02-23 19:35:49,904 - INFO - [432/633] Baixando órgão: 41232
2026-02-23 19:35:50,073 - INFO -   Total acumulado: 187 registros
2026-02-23 19:35:50,074 - INFO - [433/633] Baixando órgão: 41233
2026-02-23 19:35:50,222 - INFO -   Total acumulado: 187 registros
2026-02-23 19:35:50,223 - INFO - [434/633] Baixando órgão: 41801
2026-02-23 19:35:50,368 - INFO -   Total acumulado: 187 registros
2026-02-23 19:35:50,369 - INFO - [435/633] Baixando órgão: 41903
2026-02-23 19:35:51,511 - INFO -   Total acumulado: 187 registros
2026-02-23 19:35:51,512 - INFO - [436/633] Baixando órgão: 42000
2026-02-23 19:35:51,655 - INFO -   Órgão 42000 - página 1: 9 registros
2026-02-23 19:35:51,798 - INFO -   Total acumulado: 196 registros
2026-02-23 19:35:51,799 - INFO - [437/633] Baixando órgão: 42207
2026-02-23 19:35:51,959 - INFO -   Total acumulado: 196 registros
2026-02-23 19:35:51,960 - INFO - [438/633] Baixando órgão: 42801
2026-02-23 19:35:52,104 - INFO -   Total acumulado: 196 registros
2026-02-23 19:35:52,105 - INFO - [439/633] Baixando órgão: 44000
2026-02-23 19:35:52,274 - INFO -   Órgão 44000 - página 1: 7 registros
2026-02-23 19:35:52,435 - INFO -   Total acumulado: 203 registros
2026-02-23 19:35:52,436 - INFO - [440/633] Baixando órgão: 44204
2026-02-23 19:35:52,633 - INFO -   Total acumulado: 203 registros
2026-02-23 19:35:52,633 - INFO - [441/633] Baixando órgão: 44205
2026-02-23 19:35:52,785 - INFO -   Total acumulado: 203 registros
2026-02-23 19:35:52,785 - INFO - [442/633] Baixando órgão: 44206
2026-02-23 19:35:52,929 - INFO -   Total acumulado: 203 registros
2026-02-23 19:35:52,929 - INFO - [443/633] Baixando órgão: 44207
2026-02-23 19:35:53,090 - INFO -   Total acumulado: 203 registros
2026-02-23 19:35:53,091 - INFO - [444/633] Baixando órgão: 44208
2026-02-23 19:35:53,235 - INFO -   Total acumulado: 203 registros
2026-02-23 19:35:53,236 - INFO - [445/633] Baixando órgão: 44444
2026-02-23 19:35:53,396 - INFO -   Total acumulado: 203 registros
2026-02-23 19:35:53,397 - INFO - [446/633] Baixando órgão: 44801
2026-02-23 19:35:53,574 - INFO -   Total acumulado: 203 registros
2026-02-23 19:35:53,574 - INFO - [447/633] Baixando órgão: 44902
2026-02-23 19:35:53,727 - INFO -   Total acumulado: 203 registros
2026-02-23 19:35:53,728 - INFO - [448/633] Baixando órgão: 45282
2026-02-23 19:35:53,886 - INFO -   Total acumulado: 203 registros
2026-02-23 19:35:53,886 - INFO - [449/633] Baixando órgão: 45283
2026-02-23 19:35:54,061 - INFO -   Total acumulado: 203 registros
2026-02-23 19:35:54,061 - INFO - [450/633] Baixando órgão: 46000
2026-02-23 19:35:54,217 - INFO -   Órgão 46000 - página 1: 4 registros
2026-02-23 19:35:54,397 - INFO -   Total acumulado: 207 registros
2026-02-23 19:35:54,397 - INFO - [451/633] Baixando órgão: 47000
2026-02-23 19:35:54,562 - INFO -   Órgão 47000 - página 1: 3 registros
2026-02-23 19:35:54,717 - INFO -   Total acumulado: 210 registros
2026-02-23 19:35:54,718 - INFO - [452/633] Baixando órgão: 47214
2026-02-23 19:35:54,882 - INFO -   Total acumulado: 210 registros
2026-02-23 19:35:54,882 - INFO - [453/633] Baixando órgão: 48000
2026-02-23 19:35:56,058 - INFO -   Total acumulado: 210 registros
2026-02-23 19:35:56,059 - INFO - [454/633] Baixando órgão: 49000
2026-02-23 19:35:56,244 - INFO -   Órgão 49000 - página 1: 4 registros
2026-02-23 19:35:56,495 - INFO -   Total acumulado: 214 registros
2026-02-23 19:35:56,496 - INFO - [455/633] Baixando órgão: 49001
2026-02-23 19:35:56,661 - INFO -   Total acumulado: 214 registros
2026-02-23 19:35:56,662 - INFO - [456/633] Baixando órgão: 49280
2026-02-23 19:35:56,830 - INFO -   Total acumulado: 214 registros
2026-02-23 19:35:56,830 - INFO - [457/633] Baixando órgão: 49901
2026-02-23 19:35:56,982 - INFO -   Total acumulado: 214 registros
2026-02-23 19:35:56,983 - INFO - [458/633] Baixando órgão: 50000
2026-02-23 19:35:57,124 - INFO -   Total acumulado: 214 registros
2026-02-23 19:35:57,125 - INFO - [459/633] Baixando órgão: 51000
2026-02-23 19:35:57,261 - INFO -   Órgão 51000 - página 1: 1 registros
2026-02-23 19:35:57,398 - INFO -   Total acumulado: 215 registros
2026-02-23 19:35:57,399 - INFO - [460/633] Baixando órgão: 51801
2026-02-23 19:35:57,555 - INFO -   Total acumulado: 215 registros
2026-02-23 19:35:57,556 - INFO - [461/633] Baixando órgão: 52000
2026-02-23 19:35:57,707 - INFO -   Órgão 52000 - página 1: 10 registros
2026-02-23 19:35:57,853 - INFO -   Total acumulado: 225 registros
2026-02-23 19:35:57,853 - INFO - [462/633] Baixando órgão: 52001
2026-02-23 19:35:59,021 - INFO -   Total acumulado: 225 registros
2026-02-23 19:35:59,021 - INFO - [463/633] Baixando órgão: 52002
2026-02-23 19:35:59,162 - INFO -   Total acumulado: 225 registros
2026-02-23 19:35:59,162 - INFO - [464/633] Baixando órgão: 52003
2026-02-23 19:35:59,304 - INFO -   Total acumulado: 225 registros
2026-02-23 19:35:59,304 - INFO - [465/633] Baixando órgão: 52111
2026-02-23 19:36:01,586 - INFO -   Total acumulado: 225 registros
2026-02-23 19:36:01,586 - INFO - [466/633] Baixando órgão: 52121
2026-02-23 19:36:01,743 - INFO -   Total acumulado: 225 registros
2026-02-23 19:36:01,744 - INFO - [467/633] Baixando órgão: 52131
2026-02-23 19:36:01,892 - INFO -   Total acumulado: 225 registros
2026-02-23 19:36:01,893 - INFO - [468/633] Baixando órgão: 52132
2026-02-23 19:36:03,058 - INFO -   Total acumulado: 225 registros
2026-02-23 19:36:03,058 - INFO - [469/633] Baixando órgão: 52133
2026-02-23 19:36:03,208 - INFO -   Total acumulado: 225 registros
2026-02-23 19:36:03,208 - INFO - [470/633] Baixando órgão: 52201
2026-02-23 19:36:03,374 - INFO -   Total acumulado: 225 registros
2026-02-23 19:36:03,374 - INFO - [471/633] Baixando órgão: 52211
2026-02-23 19:36:04,578 - INFO -   Total acumulado: 225 registros
2026-02-23 19:36:04,579 - INFO - [472/633] Baixando órgão: 52212
2026-02-23 19:36:04,726 - INFO -   Total acumulado: 225 registros
2026-02-23 19:36:04,727 - INFO - [473/633] Baixando órgão: 52221
2026-02-23 19:36:04,867 - INFO -   Total acumulado: 225 registros
2026-02-23 19:36:04,868 - INFO - [474/633] Baixando órgão: 52222
2026-02-23 19:36:06,063 - INFO -   Total acumulado: 225 registros
2026-02-23 19:36:06,064 - INFO - [475/633] Baixando órgão: 52231
2026-02-23 19:36:06,209 - INFO -   Total acumulado: 225 registros
2026-02-23 19:36:06,210 - INFO - [476/633] Baixando órgão: 52233
2026-02-23 19:36:06,352 - INFO -   Total acumulado: 225 registros
2026-02-23 19:36:06,353 - INFO - [477/633] Baixando órgão: 52801
2026-02-23 19:36:06,508 - INFO -   Total acumulado: 225 registros
2026-02-23 19:36:06,509 - INFO - [478/633] Baixando órgão: 52904
2026-02-23 19:36:06,683 - INFO -   Total acumulado: 225 registros
2026-02-23 19:36:06,684 - INFO - [479/633] Baixando órgão: 52911
2026-02-23 19:36:06,858 - INFO -   Total acumulado: 225 registros
2026-02-23 19:36:06,859 - INFO - [480/633] Baixando órgão: 52912
2026-02-23 19:36:07,011 - INFO -   Total acumulado: 225 registros
2026-02-23 19:36:07,011 - INFO - [481/633] Baixando órgão: 53000
2026-02-23 19:36:07,165 - INFO -   Órgão 53000 - página 1: 13 registros
2026-02-23 19:36:07,318 - INFO -   Total acumulado: 238 registros
2026-02-23 19:36:07,318 - INFO - [482/633] Baixando órgão: 53202
2026-02-23 19:36:07,461 - INFO -   Total acumulado: 238 registros
2026-02-23 19:36:07,462 - INFO - [483/633] Baixando órgão: 53203
2026-02-23 19:36:07,608 - INFO -   Total acumulado: 238 registros
2026-02-23 19:36:07,609 - INFO - [484/633] Baixando órgão: 53204
2026-02-23 19:36:07,783 - INFO -   Total acumulado: 238 registros
2026-02-23 19:36:07,784 - INFO - [485/633] Baixando órgão: 53205
2026-02-23 19:36:07,931 - INFO -   Total acumulado: 238 registros
2026-02-23 19:36:07,931 - INFO - [486/633] Baixando órgão: 53206
2026-02-23 19:36:08,081 - INFO -   Total acumulado: 238 registros
2026-02-23 19:36:08,082 - INFO - [487/633] Baixando órgão: 53207
2026-02-23 19:36:08,239 - INFO -   Total acumulado: 238 registros
2026-02-23 19:36:08,240 - INFO - [488/633] Baixando órgão: 53208
2026-02-23 19:36:08,387 - INFO -   Total acumulado: 238 registros
2026-02-23 19:36:08,388 - INFO - [489/633] Baixando órgão: 53209
2026-02-23 19:36:08,541 - INFO -   Total acumulado: 238 registros
2026-02-23 19:36:08,541 - INFO - [490/633] Baixando órgão: 53210
2026-02-23 19:36:08,689 - INFO -   Total acumulado: 238 registros
2026-02-23 19:36:08,690 - INFO - [491/633] Baixando órgão: 53297
2026-02-23 19:36:08,870 - INFO -   Total acumulado: 238 registros
2026-02-23 19:36:08,870 - INFO - [492/633] Baixando órgão: 53801
2026-02-23 19:36:09,017 - INFO -   Total acumulado: 238 registros
2026-02-23 19:36:09,018 - INFO - [493/633] Baixando órgão: 53802
2026-02-23 19:36:09,182 - INFO -   Total acumulado: 238 registros
2026-02-23 19:36:09,183 - INFO - [494/633] Baixando órgão: 53901
2026-02-23 19:36:09,331 - INFO -   Total acumulado: 238 registros
2026-02-23 19:36:09,331 - INFO - [495/633] Baixando órgão: 53902
2026-02-23 19:36:09,480 - INFO -   Total acumulado: 238 registros
2026-02-23 19:36:09,481 - INFO - [496/633] Baixando órgão: 53903
2026-02-23 19:36:09,638 - INFO -   Total acumulado: 238 registros
2026-02-23 19:36:09,639 - INFO - [497/633] Baixando órgão: 53904
2026-02-23 19:36:09,800 - INFO -   Total acumulado: 238 registros
2026-02-23 19:36:09,801 - INFO - [498/633] Baixando órgão: 53905
2026-02-23 19:36:10,969 - INFO -   Total acumulado: 238 registros
2026-02-23 19:36:10,969 - INFO - [499/633] Baixando órgão: 54000
2026-02-23 19:36:11,115 - INFO -   Órgão 54000 - página 1: 2 registros
2026-02-23 19:36:11,286 - INFO -   Total acumulado: 240 registros
2026-02-23 19:36:11,286 - INFO - [500/633] Baixando órgão: 54801
2026-02-23 19:36:11,443 - INFO -   Total acumulado: 240 registros
2026-02-23 19:36:11,444 - INFO - [501/633] Baixando órgão: 54901
2026-02-23 19:36:11,582 - INFO -   Total acumulado: 240 registros
2026-02-23 19:36:11,583 - INFO - [502/633] Baixando órgão: 55000
2026-02-23 19:36:11,763 - INFO -   Órgão 55000 - página 1: 2 registros
2026-02-23 19:36:11,917 - INFO -   Total acumulado: 242 registros
2026-02-23 19:36:11,917 - INFO - [503/633] Baixando órgão: 55001
2026-02-23 19:36:12,077 - INFO -   Total acumulado: 242 registros
2026-02-23 19:36:12,077 - INFO - [504/633] Baixando órgão: 55801
2026-02-23 19:36:12,242 - INFO -   Total acumulado: 242 registros
2026-02-23 19:36:12,243 - INFO - [505/633] Baixando órgão: 56000
2026-02-23 19:36:12,399 - INFO -   Órgão 56000 - página 1: 4 registros
2026-02-23 19:36:12,600 - INFO -   Total acumulado: 246 registros
2026-02-23 19:36:12,604 - INFO - [506/633] Baixando órgão: 56801
2026-02-23 19:36:12,860 - INFO -   Total acumulado: 246 registros
2026-02-23 19:36:12,861 - INFO - [507/633] Baixando órgão: 56901
2026-02-23 19:36:13,015 - INFO -   Total acumulado: 246 registros
2026-02-23 19:36:13,016 - INFO - [508/633] Baixando órgão: 56902
2026-02-23 19:36:13,204 - INFO -   Total acumulado: 246 registros
2026-02-23 19:36:13,205 - INFO - [509/633] Baixando órgão: 57000
2026-02-23 19:36:13,371 - INFO -   Total acumulado: 246 registros
2026-02-23 19:36:13,371 - INFO - [510/633] Baixando órgão: 57280
2026-02-23 19:36:13,525 - INFO -   Total acumulado: 246 registros
2026-02-23 19:36:13,525 - INFO - [511/633] Baixando órgão: 58000
2026-02-23 19:36:13,681 - INFO -   Órgão 58000 - página 1: 1 registros
2026-02-23 19:36:13,827 - INFO -   Total acumulado: 247 registros
2026-02-23 19:36:13,827 - INFO - [512/633] Baixando órgão: 59000
2026-02-23 19:36:15,014 - INFO -   Total acumulado: 247 registros
2026-02-23 19:36:15,014 - INFO - [513/633] Baixando órgão: 60000
2026-02-23 19:36:15,176 - INFO -   Total acumulado: 247 registros
2026-02-23 19:36:15,177 - INFO - [514/633] Baixando órgão: 61000
2026-02-23 19:36:15,317 - INFO -   Total acumulado: 247 registros
2026-02-23 19:36:15,318 - INFO - [515/633] Baixando órgão: 61201
2026-02-23 19:36:16,487 - INFO -   Total acumulado: 247 registros
2026-02-23 19:36:16,488 - INFO - [516/633] Baixando órgão: 62000
2026-02-23 19:36:16,631 - INFO -   Total acumulado: 247 registros
2026-02-23 19:36:16,632 - INFO - [517/633] Baixando órgão: 62201
2026-02-23 19:36:16,786 - INFO -   Total acumulado: 247 registros
2026-02-23 19:36:16,786 - INFO - [518/633] Baixando órgão: 62901
2026-02-23 19:36:16,927 - INFO -   Total acumulado: 247 registros
2026-02-23 19:36:16,928 - INFO - [519/633] Baixando órgão: 63000
2026-02-23 19:36:17,080 - INFO -   Órgão 63000 - página 1: 1 registros
2026-02-23 19:36:17,230 - INFO -   Total acumulado: 248 registros
2026-02-23 19:36:17,230 - INFO - [520/633] Baixando órgão: 64000
2026-02-23 19:36:17,381 - INFO -   Total acumulado: 248 registros
2026-02-23 19:36:17,381 - INFO - [521/633] Baixando órgão: 64901
2026-02-23 19:36:17,527 - INFO -   Total acumulado: 248 registros
2026-02-23 19:36:17,528 - INFO - [522/633] Baixando órgão: 64902
2026-02-23 19:36:17,679 - INFO -   Total acumulado: 248 registros
2026-02-23 19:36:17,680 - INFO - [523/633] Baixando órgão: 65000
2026-02-23 19:36:17,846 - INFO -   Órgão 65000 - página 1: 1 registros
2026-02-23 19:36:19,049 - INFO -   Total acumulado: 249 registros
2026-02-23 19:36:19,049 - INFO - [524/633] Baixando órgão: 66000
2026-02-23 19:36:19,210 - INFO -   Total acumulado: 249 registros
2026-02-23 19:36:19,211 - INFO - [525/633] Baixando órgão: 67000
2026-02-23 19:36:19,386 - INFO -   Órgão 67000 - página 1: 1 registros
2026-02-23 19:36:19,534 - INFO -   Total acumulado: 250 registros
2026-02-23 19:36:19,534 - INFO - [526/633] Baixando órgão: 68000
2026-02-23 19:36:19,672 - INFO -   Órgão 68000 - página 1: 5 registros
2026-02-23 19:36:19,817 - INFO -   Total acumulado: 255 registros
2026-02-23 19:36:19,817 - INFO - [527/633] Baixando órgão: 68201
2026-02-23 19:36:21,024 - INFO -   Total acumulado: 255 registros
2026-02-23 19:36:21,025 - INFO - [528/633] Baixando órgão: 69000
2026-02-23 19:36:21,173 - INFO -   Órgão 69000 - página 1: 1 registros
2026-02-23 19:36:21,314 - INFO -   Total acumulado: 256 registros
2026-02-23 19:36:21,315 - INFO - [529/633] Baixando órgão: 71000
2026-02-23 19:36:21,466 - INFO -   Total acumulado: 256 registros
2026-02-23 19:36:21,467 - INFO - [530/633] Baixando órgão: 71101
2026-02-23 19:36:21,632 - INFO -   Total acumulado: 256 registros
2026-02-23 19:36:21,633 - INFO - [531/633] Baixando órgão: 71102
2026-02-23 19:36:21,772 - INFO -   Total acumulado: 256 registros
2026-02-23 19:36:21,773 - INFO - [532/633] Baixando órgão: 71103
2026-02-23 19:36:21,916 - INFO -   Total acumulado: 256 registros
2026-02-23 19:36:21,916 - INFO - [533/633] Baixando órgão: 71104
2026-02-23 19:36:22,102 - INFO -   Total acumulado: 256 registros
2026-02-23 19:36:22,102 - INFO - [534/633] Baixando órgão: 71901
2026-02-23 19:36:22,241 - INFO -   Total acumulado: 256 registros
2026-02-23 19:36:22,241 - INFO - [535/633] Baixando órgão: 71902
2026-02-23 19:36:22,386 - INFO -   Total acumulado: 256 registros
2026-02-23 19:36:22,387 - INFO - [536/633] Baixando órgão: 71903
2026-02-23 19:36:22,547 - INFO -   Total acumulado: 256 registros
2026-02-23 19:36:22,548 - INFO - [537/633] Baixando órgão: 71904
2026-02-23 19:36:22,691 - INFO -   Total acumulado: 256 registros
2026-02-23 19:36:22,692 - INFO - [538/633] Baixando órgão: 71905
2026-02-23 19:36:22,842 - INFO -   Total acumulado: 256 registros
2026-02-23 19:36:22,842 - INFO - [539/633] Baixando órgão: 73000
2026-02-23 19:36:22,997 - INFO -   Total acumulado: 256 registros
2026-02-23 19:36:22,998 - INFO - [540/633] Baixando órgão: 73101
2026-02-23 19:36:23,142 - INFO -   Total acumulado: 256 registros
2026-02-23 19:36:23,142 - INFO - [541/633] Baixando órgão: 73104
2026-02-23 19:36:23,289 - INFO -   Total acumulado: 256 registros
2026-02-23 19:36:23,290 - INFO - [542/633] Baixando órgão: 73107
2026-02-23 19:36:23,444 - INFO -   Total acumulado: 256 registros
2026-02-23 19:36:23,445 - INFO - [543/633] Baixando órgão: 73108
2026-02-23 19:36:23,605 - INFO -   Total acumulado: 256 registros
2026-02-23 19:36:23,606 - INFO - [544/633] Baixando órgão: 73109
2026-02-23 19:36:23,758 - INFO -   Total acumulado: 256 registros
2026-02-23 19:36:23,759 - INFO - [545/633] Baixando órgão: 73111
2026-02-23 19:36:23,913 - INFO -   Total acumulado: 256 registros
2026-02-23 19:36:23,913 - INFO - [546/633] Baixando órgão: 73113
2026-02-23 19:36:24,074 - INFO -   Total acumulado: 256 registros
2026-02-23 19:36:24,074 - INFO - [547/633] Baixando órgão: 73901
2026-02-23 19:36:24,243 - INFO -   Total acumulado: 256 registros
2026-02-23 19:36:24,243 - INFO - [548/633] Baixando órgão: 74000
2026-02-23 19:36:24,407 - INFO -   Total acumulado: 256 registros
2026-02-23 19:36:24,408 - INFO - [549/633] Baixando órgão: 74101
2026-02-23 19:36:24,555 - INFO -   Total acumulado: 256 registros
2026-02-23 19:36:24,556 - INFO - [550/633] Baixando órgão: 74102
2026-02-23 19:36:24,707 - INFO -   Total acumulado: 256 registros
2026-02-23 19:36:24,708 - INFO - [551/633] Baixando órgão: 74201
2026-02-23 19:36:24,874 - INFO -   Total acumulado: 256 registros
2026-02-23 19:36:24,875 - INFO - [552/633] Baixando órgão: 74202
2026-02-23 19:36:25,033 - INFO -   Total acumulado: 256 registros
2026-02-23 19:36:25,033 - INFO - [553/633] Baixando órgão: 74203
2026-02-23 19:36:25,181 - INFO -   Total acumulado: 256 registros
2026-02-23 19:36:25,182 - INFO - [554/633] Baixando órgão: 74204
2026-02-23 19:36:25,331 - INFO -   Total acumulado: 256 registros
2026-02-23 19:36:25,331 - INFO - [555/633] Baixando órgão: 74205
2026-02-23 19:36:26,510 - INFO -   Total acumulado: 256 registros
2026-02-23 19:36:26,511 - INFO - [556/633] Baixando órgão: 74901
2026-02-23 19:36:26,679 - INFO -   Total acumulado: 256 registros
2026-02-23 19:36:26,680 - INFO - [557/633] Baixando órgão: 74902
2026-02-23 19:36:26,827 - INFO -   Total acumulado: 256 registros
2026-02-23 19:36:26,828 - INFO - [558/633] Baixando órgão: 74904
2026-02-23 19:36:26,979 - INFO -   Total acumulado: 256 registros
2026-02-23 19:36:26,980 - INFO - [559/633] Baixando órgão: 74905
2026-02-23 19:36:27,130 - INFO -   Total acumulado: 256 registros
2026-02-23 19:36:27,131 - INFO - [560/633] Baixando órgão: 74906
2026-02-23 19:36:27,285 - INFO -   Total acumulado: 256 registros
2026-02-23 19:36:27,285 - INFO - [561/633] Baixando órgão: 74907
2026-02-23 19:36:27,453 - INFO -   Total acumulado: 256 registros
2026-02-23 19:36:27,454 - INFO - [562/633] Baixando órgão: 74908
2026-02-23 19:36:27,601 - INFO -   Total acumulado: 256 registros
2026-02-23 19:36:27,602 - INFO - [563/633] Baixando órgão: 74910
2026-02-23 19:36:27,757 - INFO -   Total acumulado: 256 registros
2026-02-23 19:36:27,758 - INFO - [564/633] Baixando órgão: 74912
2026-02-23 19:36:27,920 - INFO -   Total acumulado: 256 registros
2026-02-23 19:36:27,921 - INFO - [565/633] Baixando órgão: 74916
2026-02-23 19:36:28,073 - INFO -   Total acumulado: 256 registros
2026-02-23 19:36:28,074 - INFO - [566/633] Baixando órgão: 74917
2026-02-23 19:36:28,225 - INFO -   Total acumulado: 256 registros
2026-02-23 19:36:28,226 - INFO - [567/633] Baixando órgão: 74918
2026-02-23 19:36:28,377 - INFO -   Total acumulado: 256 registros
2026-02-23 19:36:28,378 - INFO - [568/633] Baixando órgão: 74919
2026-02-23 19:36:29,532 - INFO -   Total acumulado: 256 registros
2026-02-23 19:36:29,533 - INFO - [569/633] Baixando órgão: 75000
2026-02-23 19:36:29,669 - INFO -   Total acumulado: 256 registros
2026-02-23 19:36:29,670 - INFO - [570/633] Baixando órgão: 78787
2026-02-23 19:36:29,806 - INFO -   Total acumulado: 256 registros
2026-02-23 19:36:29,807 - INFO - [571/633] Baixando órgão: 80000
2026-02-23 19:36:30,958 - INFO -   Total acumulado: 256 registros
2026-02-23 19:36:30,958 - INFO - [572/633] Baixando órgão: 80201
2026-02-23 19:36:31,098 - INFO -   Total acumulado: 256 registros
2026-02-23 19:36:31,098 - INFO - [573/633] Baixando órgão: 80202
2026-02-23 19:36:31,256 - INFO -   Total acumulado: 256 registros
2026-02-23 19:36:31,257 - INFO - [574/633] Baixando órgão: 80203
2026-02-23 19:36:31,419 - INFO -   Total acumulado: 256 registros
2026-02-23 19:36:31,420 - INFO - [575/633] Baixando órgão: 80204
2026-02-23 19:36:31,568 - INFO -   Total acumulado: 256 registros
2026-02-23 19:36:31,568 - INFO - [576/633] Baixando órgão: 80208
2026-02-23 19:36:31,718 - INFO -   Total acumulado: 256 registros
2026-02-23 19:36:31,718 - INFO - [577/633] Baixando órgão: 80210
2026-02-23 19:36:31,857 - INFO -   Total acumulado: 256 registros
2026-02-23 19:36:31,858 - INFO - [578/633] Baixando órgão: 81000
2026-02-23 19:36:33,053 - INFO -   Órgão 81000 - página 1: 3 registros
2026-02-23 19:36:33,197 - INFO -   Total acumulado: 259 registros
2026-02-23 19:36:33,198 - INFO - [579/633] Baixando órgão: 81901
2026-02-23 19:36:33,331 - INFO -   Total acumulado: 259 registros
2026-02-23 19:36:33,332 - INFO - [580/633] Baixando órgão: 81902
2026-02-23 19:36:33,474 - INFO -   Total acumulado: 259 registros
2026-02-23 19:36:33,475 - INFO - [581/633] Baixando órgão: 82000
2026-02-23 19:36:33,635 - INFO -   Total acumulado: 259 registros
2026-02-23 19:36:33,635 - INFO - [582/633] Baixando órgão: 83000
2026-02-23 19:36:33,786 - INFO -   Total acumulado: 259 registros
2026-02-23 19:36:33,787 - INFO - [583/633] Baixando órgão: 84000
2026-02-23 19:36:33,933 - INFO -   Órgão 84000 - página 1: 3 registros
2026-02-23 19:36:34,078 - INFO -   Total acumulado: 262 registros
2026-02-23 19:36:34,078 - INFO - [584/633] Baixando órgão: 90000
2026-02-23 19:36:34,222 - INFO -   Total acumulado: 262 registros
2026-02-23 19:36:34,222 - INFO - [585/633] Baixando órgão: 91000
2026-02-23 19:36:34,371 - INFO -   Total acumulado: 262 registros
2026-02-23 19:36:34,371 - INFO - [586/633] Baixando órgão: 91001
2026-02-23 19:36:34,514 - INFO -   Total acumulado: 262 registros
2026-02-23 19:36:34,514 - INFO - [587/633] Baixando órgão: 91002
2026-02-23 19:36:34,680 - INFO -   Total acumulado: 262 registros
2026-02-23 19:36:34,680 - INFO - [588/633] Baixando órgão: 91010
2026-02-23 19:36:34,829 - INFO -   Total acumulado: 262 registros
2026-02-23 19:36:34,829 - INFO - [589/633] Baixando órgão: 91080
2026-02-23 19:36:36,023 - INFO -   Total acumulado: 262 registros
2026-02-23 19:36:36,024 - INFO - [590/633] Baixando órgão: 91081
2026-02-23 19:36:36,168 - INFO -   Total acumulado: 262 registros
2026-02-23 19:36:36,169 - INFO - [591/633] Baixando órgão: 91082
2026-02-23 19:36:36,311 - INFO -   Total acumulado: 262 registros
2026-02-23 19:36:36,311 - INFO - [592/633] Baixando órgão: 91083
2026-02-23 19:36:36,452 - INFO -   Total acumulado: 262 registros
2026-02-23 19:36:36,453 - INFO - [593/633] Baixando órgão: 91084
2026-02-23 19:36:36,592 - INFO -   Total acumulado: 262 registros
2026-02-23 19:36:36,593 - INFO - [594/633] Baixando órgão: 91090
2026-02-23 19:36:36,745 - INFO -   Total acumulado: 262 registros
2026-02-23 19:36:36,746 - INFO - [595/633] Baixando órgão: 91100
2026-02-23 19:36:36,894 - INFO -   Total acumulado: 262 registros
2026-02-23 19:36:36,895 - INFO - [596/633] Baixando órgão: 91214
2026-02-23 19:36:37,078 - INFO -   Total acumulado: 262 registros
2026-02-23 19:36:37,078 - INFO - [597/633] Baixando órgão: 91700
2026-02-23 19:36:37,247 - INFO -   Total acumulado: 262 registros
2026-02-23 19:36:37,254 - INFO - [598/633] Baixando órgão: 91800
2026-02-23 19:36:37,531 - INFO -   Total acumulado: 262 registros
2026-02-23 19:36:37,532 - INFO - [599/633] Baixando órgão: 91900
2026-02-23 19:36:37,730 - INFO -   Total acumulado: 262 registros
2026-02-23 19:36:37,731 - INFO - [600/633] Baixando órgão: 92001
2026-02-23 19:36:37,885 - INFO -   Total acumulado: 262 registros
2026-02-23 19:36:37,885 - INFO - [601/633] Baixando órgão: 93000
2026-02-23 19:36:38,049 - INFO -   Total acumulado: 262 registros
2026-02-23 19:36:38,050 - INFO - [602/633] Baixando órgão: 93120
2026-02-23 19:36:38,184 - INFO -   Total acumulado: 262 registros
2026-02-23 19:36:38,185 - INFO - [603/633] Baixando órgão: 93220
2026-02-23 19:36:38,345 - INFO -   Total acumulado: 262 registros
2026-02-23 19:36:38,346 - INFO - [604/633] Baixando órgão: 93320
2026-02-23 19:36:38,483 - INFO -   Total acumulado: 262 registros
2026-02-23 19:36:38,483 - INFO - [605/633] Baixando órgão: 93420
2026-02-23 19:36:38,626 - INFO -   Total acumulado: 262 registros
2026-02-23 19:36:38,628 - INFO - [606/633] Baixando órgão: 93520
2026-02-23 19:36:38,779 - INFO -   Total acumulado: 262 registros
2026-02-23 19:36:38,779 - INFO - [607/633] Baixando órgão: 93620
2026-02-23 19:36:38,948 - INFO -   Total acumulado: 262 registros
2026-02-23 19:36:38,948 - INFO - [608/633] Baixando órgão: 93720
2026-02-23 19:36:39,115 - INFO -   Total acumulado: 262 registros
2026-02-23 19:36:39,116 - INFO - [609/633] Baixando órgão: 94000
2026-02-23 19:36:39,369 - INFO -   Total acumulado: 262 registros
2026-02-23 19:36:39,370 - INFO - [610/633] Baixando órgão: 94120
2026-02-23 19:36:39,511 - INFO -   Total acumulado: 262 registros
2026-02-23 19:36:39,512 - INFO - [611/633] Baixando órgão: 94220
2026-02-23 19:36:39,669 - INFO -   Total acumulado: 262 registros
2026-02-23 19:36:39,670 - INFO - [612/633] Baixando órgão: 94320
2026-02-23 19:36:39,812 - INFO -   Total acumulado: 262 registros
2026-02-23 19:36:39,813 - INFO - [613/633] Baixando órgão: 94420
2026-02-23 19:36:39,963 - INFO -   Total acumulado: 262 registros
2026-02-23 19:36:39,964 - INFO - [614/633] Baixando órgão: 94520
2026-02-23 19:36:40,106 - INFO -   Total acumulado: 262 registros
2026-02-23 19:36:40,107 - INFO - [615/633] Baixando órgão: 94620
2026-02-23 19:36:40,253 - INFO -   Total acumulado: 262 registros
2026-02-23 19:36:40,254 - INFO - [616/633] Baixando órgão: 94720
2026-02-23 19:36:40,404 - INFO -   Total acumulado: 262 registros
2026-02-23 19:36:40,405 - INFO - [617/633] Baixando órgão: 94820
2026-02-23 19:36:40,555 - INFO -   Total acumulado: 262 registros
2026-02-23 19:36:40,555 - INFO - [618/633] Baixando órgão: 94920
2026-02-23 19:36:40,707 - INFO -   Total acumulado: 262 registros
2026-02-23 19:36:40,708 - INFO - [619/633] Baixando órgão: 95000
2026-02-23 19:36:40,852 - INFO -   Total acumulado: 262 registros
2026-02-23 19:36:40,852 - INFO - [620/633] Baixando órgão: 95120
2026-02-23 19:36:41,007 - INFO -   Total acumulado: 262 registros
2026-02-23 19:36:41,008 - INFO - [621/633] Baixando órgão: 95220
2026-02-23 19:36:41,160 - INFO -   Total acumulado: 262 registros
2026-02-23 19:36:41,160 - INFO - [622/633] Baixando órgão: 95320
2026-02-23 19:36:41,302 - INFO -   Total acumulado: 262 registros
2026-02-23 19:36:41,303 - INFO - [623/633] Baixando órgão: 95420
2026-02-23 19:36:41,455 - INFO -   Total acumulado: 262 registros
2026-02-23 19:36:41,456 - INFO - [624/633] Baixando órgão: 96000
2026-02-23 19:36:41,598 - INFO -   Total acumulado: 262 registros
2026-02-23 19:36:41,599 - INFO - [625/633] Baixando órgão: 96120
2026-02-23 19:36:41,752 - INFO -   Total acumulado: 262 registros
2026-02-23 19:36:41,753 - INFO - [626/633] Baixando órgão: 96220
2026-02-23 19:36:41,899 - INFO -   Total acumulado: 262 registros
2026-02-23 19:36:41,900 - INFO - [627/633] Baixando órgão: 96320
2026-02-23 19:36:42,073 - INFO -   Total acumulado: 262 registros
2026-02-23 19:36:42,074 - INFO - [628/633] Baixando órgão: 97000
2026-02-23 19:36:42,240 - INFO -   Total acumulado: 262 registros
2026-02-23 19:36:42,241 - INFO - [629/633] Baixando órgão: 97120
2026-02-23 19:36:42,396 - INFO -   Total acumulado: 262 registros
2026-02-23 19:36:42,396 - INFO - [630/633] Baixando órgão: 97220
2026-02-23 19:36:42,542 - INFO -   Total acumulado: 262 registros
2026-02-23 19:36:42,543 - INFO - [631/633] Baixando órgão: 97320
2026-02-23 19:36:42,683 - INFO -   Total acumulado: 262 registros
2026-02-23 19:36:42,684 - INFO - [632/633] Baixando órgão: 97400
2026-02-23 19:36:42,835 - INFO -   Total acumulado: 262 registros
2026-02-23 19:36:42,836 - INFO - [633/633] Baixando órgão: 99900
2026-02-23 19:36:42,991 - INFO -   Total acumulado: 262 registros
2026-02-23 19:36:42,993 - INFO - Download concluído. Total de registros: 262
2026-02-23 19:36:43,000 - INFO - Arquivo salvo em: data/bronze/gastos_2024_20260223_193642.csv
2026-02-23 19:36:43,000 - INFO - === FIM DA INGESTÃO ===
